[0.011s] Invoking command in '/home/abhijit/pyproject_ws/build/ur_bringup': AMENT_PREFIX_PATH=/home/abhijit/pyproject_ws/install/ur_controllers:/home/abhijit/pyproject_ws/install/ur_dashboard_msgs:${AMENT_PREFIX_PATH} CMAKE_PREFIX_PATH=/home/abhijit/pyproject_ws/install/ur_controllers:/home/abhijit/pyproject_ws/install/ur_description:/home/abhijit/pyproject_ws/install/ur_dashboard_msgs:/home/abhijit/pyproject_ws/install/ur_simulation_gazebo:/opt/ros/humble LD_LIBRARY_PATH=/home/abhijit/pyproject_ws/install/ur_controllers/lib:/home/abhijit/pyproject_ws/install/ur_dashboard_msgs/lib:${LD_LIBRARY_PATH} PYTHONPATH=/home/abhijit/pyproject_ws/install/ur_dashboard_msgs/local/lib/python3.10/dist-packages:${PYTHONPATH} /usr/bin/cmake /home/abhijit/pyproject_ws/src/Universal_Robots_ROS2_Driver/ur_bringup -DCMAKE_INSTALL_PREFIX=/home/abhijit/pyproject_ws/install/ur_bringup
[0.067s] -- The C compiler identification is GNU 11.4.0
[0.111s] -- The CXX compiler identification is GNU 11.4.0
[0.115s] -- Detecting C compiler ABI info
[0.180s] -- Detecting C compiler ABI info - done
[0.189s] -- Check for working C compiler: /usr/bin/cc - skipped
[0.189s] -- Detecting C compile features
[0.189s] -- Detecting C compile features - done
[0.192s] -- Detecting CXX compiler ABI info
[0.264s] -- Detecting CXX compiler ABI info - done
[0.271s] -- Check for working CXX compiler: /usr/bin/c++ - skipped
[0.271s] -- Detecting CXX compile features
[0.271s] -- Detecting CXX compile features - done
[0.273s] -- Found ament_cmake: 1.3.11 (/opt/ros/humble/share/ament_cmake/cmake)
[0.374s] -- Found Python3: /usr/bin/python3 (found version "3.10.12") found components: Interpreter 
[0.454s] -- Configuring done
[0.455s] -- Generating done
[0.455s] -- Build files have been written to: /home/abhijit/pyproject_ws/build/ur_bringup
[0.458s] Invoked command in '/home/abhijit/pyproject_ws/build/ur_bringup' returned '0': AMENT_PREFIX_PATH=/home/abhijit/pyproject_ws/install/ur_controllers:/home/abhijit/pyproject_ws/install/ur_dashboard_msgs:${AMENT_PREFIX_PATH} CMAKE_PREFIX_PATH=/home/abhijit/pyproject_ws/install/ur_controllers:/home/abhijit/pyproject_ws/install/ur_description:/home/abhijit/pyproject_ws/install/ur_dashboard_msgs:/home/abhijit/pyproject_ws/install/ur_simulation_gazebo:/opt/ros/humble LD_LIBRARY_PATH=/home/abhijit/pyproject_ws/install/ur_controllers/lib:/home/abhijit/pyproject_ws/install/ur_dashboard_msgs/lib:${LD_LIBRARY_PATH} PYTHONPATH=/home/abhijit/pyproject_ws/install/ur_dashboard_msgs/local/lib/python3.10/dist-packages:${PYTHONPATH} /usr/bin/cmake /home/abhijit/pyproject_ws/src/Universal_Robots_ROS2_Driver/ur_bringup -DCMAKE_INSTALL_PREFIX=/home/abhijit/pyproject_ws/install/ur_bringup
[0.459s] Invoking command in '/home/abhijit/pyproject_ws/build/ur_bringup': AMENT_PREFIX_PATH=/home/abhijit/pyproject_ws/install/ur_controllers:/home/abhijit/pyproject_ws/install/ur_dashboard_msgs:${AMENT_PREFIX_PATH} CMAKE_PREFIX_PATH=/home/abhijit/pyproject_ws/install/ur_controllers:/home/abhijit/pyproject_ws/install/ur_description:/home/abhijit/pyproject_ws/install/ur_dashboard_msgs:/home/abhijit/pyproject_ws/install/ur_simulation_gazebo:/opt/ros/humble LD_LIBRARY_PATH=/home/abhijit/pyproject_ws/install/ur_controllers/lib:/home/abhijit/pyproject_ws/install/ur_dashboard_msgs/lib:${LD_LIBRARY_PATH} PYTHONPATH=/home/abhijit/pyproject_ws/install/ur_dashboard_msgs/local/lib/python3.10/dist-packages:${PYTHONPATH} /usr/bin/cmake --build /home/abhijit/pyproject_ws/build/ur_bringup -- -j32 -l32
[0.484s] Invoked command in '/home/abhijit/pyproject_ws/build/ur_bringup' returned '0': AMENT_PREFIX_PATH=/home/abhijit/pyproject_ws/install/ur_controllers:/home/abhijit/pyproject_ws/install/ur_dashboard_msgs:${AMENT_PREFIX_PATH} CMAKE_PREFIX_PATH=/home/abhijit/pyproject_ws/install/ur_controllers:/home/abhijit/pyproject_ws/install/ur_description:/home/abhijit/pyproject_ws/install/ur_dashboard_msgs:/home/abhijit/pyproject_ws/install/ur_simulation_gazebo:/opt/ros/humble LD_LIBRARY_PATH=/home/abhijit/pyproject_ws/install/ur_controllers/lib:/home/abhijit/pyproject_ws/install/ur_dashboard_msgs/lib:${LD_LIBRARY_PATH} PYTHONPATH=/home/abhijit/pyproject_ws/install/ur_dashboard_msgs/local/lib/python3.10/dist-packages:${PYTHONPATH} /usr/bin/cmake --build /home/abhijit/pyproject_ws/build/ur_bringup -- -j32 -l32
[0.485s] Invoking command in '/home/abhijit/pyproject_ws/build/ur_bringup': AMENT_PREFIX_PATH=/home/abhijit/pyproject_ws/install/ur_controllers:/home/abhijit/pyproject_ws/install/ur_dashboard_msgs:${AMENT_PREFIX_PATH} CMAKE_PREFIX_PATH=/home/abhijit/pyproject_ws/install/ur_controllers:/home/abhijit/pyproject_ws/install/ur_description:/home/abhijit/pyproject_ws/install/ur_dashboard_msgs:/home/abhijit/pyproject_ws/install/ur_simulation_gazebo:/opt/ros/humble LD_LIBRARY_PATH=/home/abhijit/pyproject_ws/install/ur_controllers/lib:/home/abhijit/pyproject_ws/install/ur_dashboard_msgs/lib:${LD_LIBRARY_PATH} PYTHONPATH=/home/abhijit/pyproject_ws/install/ur_dashboard_msgs/local/lib/python3.10/dist-packages:${PYTHONPATH} /usr/bin/cmake --install /home/abhijit/pyproject_ws/build/ur_bringup
[0.488s] -- Install configuration: ""
[0.488s] -- Installing: /home/abhijit/pyproject_ws/install/ur_bringup/share/ur_bringup/config
[0.488s] -- Installing: /home/abhijit/pyproject_ws/install/ur_bringup/share/ur_bringup/config/ur16e_update_rate.yaml
[0.488s] -- Installing: /home/abhijit/pyproject_ws/install/ur_bringup/share/ur_bringup/config/ur_controllers.yaml
[0.488s] -- Installing: /home/abhijit/pyproject_ws/install/ur_bringup/share/ur_bringup/config/test_goal_publishers_config.yaml
[0.488s] -- Installing: /home/abhijit/pyproject_ws/install/ur_bringup/share/ur_bringup/config/ur10_update_rate.yaml
[0.488s] -- Installing: /home/abhijit/pyproject_ws/install/ur_bringup/share/ur_bringup/config/ur3e_update_rate.yaml
[0.489s] -- Installing: /home/abhijit/pyproject_ws/install/ur_bringup/share/ur_bringup/config/ur3_update_rate.yaml
[0.489s] -- Installing: /home/abhijit/pyproject_ws/install/ur_bringup/share/ur_bringup/config/ur5_update_rate.yaml
[0.489s] -- Installing: /home/abhijit/pyproject_ws/install/ur_bringup/share/ur_bringup/config/ur10e_update_rate.yaml
[0.489s] -- Installing: /home/abhijit/pyproject_ws/install/ur_bringup/share/ur_bringup/config/ur5e_update_rate.yaml
[0.489s] -- Installing: /home/abhijit/pyproject_ws/install/ur_bringup/share/ur_bringup/config/test_velocity_goal_publishers_config.yaml
[0.489s] -- Installing: /home/abhijit/pyproject_ws/install/ur_bringup/share/ur_bringup/launch
[0.489s] -- Installing: /home/abhijit/pyproject_ws/install/ur_bringup/share/ur_bringup/launch/ur16e.launch.py
[0.489s] -- Installing: /home/abhijit/pyproject_ws/install/ur_bringup/share/ur_bringup/launch/ur_control.launch.py
[0.489s] -- Installing: /home/abhijit/pyproject_ws/install/ur_bringup/share/ur_bringup/launch/ur5e.launch.py
[0.489s] -- Installing: /home/abhijit/pyproject_ws/install/ur_bringup/share/ur_bringup/launch/ur3.launch.py
[0.489s] -- Installing: /home/abhijit/pyproject_ws/install/ur_bringup/share/ur_bringup/launch/test_scaled_joint_trajectory_controller.launch.py
[0.489s] -- Installing: /home/abhijit/pyproject_ws/install/ur_bringup/share/ur_bringup/launch/ur10.launch.py
[0.489s] -- Installing: /home/abhijit/pyproject_ws/install/ur_bringup/share/ur_bringup/launch/ur3e.launch.py
[0.489s] -- Installing: /home/abhijit/pyproject_ws/install/ur_bringup/share/ur_bringup/launch/ur10e.launch.py
[0.489s] -- Installing: /home/abhijit/pyproject_ws/install/ur_bringup/share/ur_bringup/launch/test_forward_velocity_controller.launch.py
[0.489s] -- Installing: /home/abhijit/pyproject_ws/install/ur_bringup/share/ur_bringup/launch/ur12e.launch.py
[0.489s] -- Installing: /home/abhijit/pyproject_ws/install/ur_bringup/share/ur_bringup/launch/test_joint_trajectory_controller.launch.py
[0.489s] -- Installing: /home/abhijit/pyproject_ws/install/ur_bringup/share/ur_bringup/launch/ur5.launch.py
[0.489s] -- Installing: /home/abhijit/pyproject_ws/install/ur_bringup/share/ur_bringup/launch/ur_dashboard_client.launch.py
[0.490s] -- Installing: /home/abhijit/pyproject_ws/install/ur_bringup/share/ur_bringup/launch/ur7e.launch.py
[0.490s] -- Installing: /home/abhijit/pyproject_ws/install/ur_bringup/lib/ur_bringup/start_ursim.sh
[0.490s] -- Installing: /home/abhijit/pyproject_ws/install/ur_bringup/share/ament_index/resource_index/package_run_dependencies/ur_bringup
[0.490s] -- Installing: /home/abhijit/pyproject_ws/install/ur_bringup/share/ament_index/resource_index/parent_prefix_path/ur_bringup
[0.490s] -- Installing: /home/abhijit/pyproject_ws/install/ur_bringup/share/ur_bringup/environment/ament_prefix_path.sh
[0.490s] -- Installing: /home/abhijit/pyproject_ws/install/ur_bringup/share/ur_bringup/environment/ament_prefix_path.dsv
[0.490s] -- Installing: /home/abhijit/pyproject_ws/install/ur_bringup/share/ur_bringup/environment/path.sh
[0.490s] -- Installing: /home/abhijit/pyproject_ws/install/ur_bringup/share/ur_bringup/environment/path.dsv
[0.490s] -- Installing: /home/abhijit/pyproject_ws/install/ur_bringup/share/ur_bringup/local_setup.bash
[0.490s] -- Installing: /home/abhijit/pyproject_ws/install/ur_bringup/share/ur_bringup/local_setup.sh
[0.490s] -- Installing: /home/abhijit/pyproject_ws/install/ur_bringup/share/ur_bringup/local_setup.zsh
[0.490s] -- Installing: /home/abhijit/pyproject_ws/install/ur_bringup/share/ur_bringup/local_setup.dsv
[0.490s] -- Installing: /home/abhijit/pyproject_ws/install/ur_bringup/share/ur_bringup/package.dsv
[0.490s] -- Installing: /home/abhijit/pyproject_ws/install/ur_bringup/share/ament_index/resource_index/packages/ur_bringup
[0.490s] -- Installing: /home/abhijit/pyproject_ws/install/ur_bringup/share/ur_bringup/cmake/ur_bringupConfig.cmake
[0.490s] -- Installing: /home/abhijit/pyproject_ws/install/ur_bringup/share/ur_bringup/cmake/ur_bringupConfig-version.cmake
[0.490s] -- Installing: /home/abhijit/pyproject_ws/install/ur_bringup/share/ur_bringup/package.xml
[0.491s] Invoked command in '/home/abhijit/pyproject_ws/build/ur_bringup' returned '0': AMENT_PREFIX_PATH=/home/abhijit/pyproject_ws/install/ur_controllers:/home/abhijit/pyproject_ws/install/ur_dashboard_msgs:${AMENT_PREFIX_PATH} CMAKE_PREFIX_PATH=/home/abhijit/pyproject_ws/install/ur_controllers:/home/abhijit/pyproject_ws/install/ur_description:/home/abhijit/pyproject_ws/install/ur_dashboard_msgs:/home/abhijit/pyproject_ws/install/ur_simulation_gazebo:/opt/ros/humble LD_LIBRARY_PATH=/home/abhijit/pyproject_ws/install/ur_controllers/lib:/home/abhijit/pyproject_ws/install/ur_dashboard_msgs/lib:${LD_LIBRARY_PATH} PYTHONPATH=/home/abhijit/pyproject_ws/install/ur_dashboard_msgs/local/lib/python3.10/dist-packages:${PYTHONPATH} /usr/bin/cmake --install /home/abhijit/pyproject_ws/build/ur_bringup
