[0.314s] Invoking command in '/home/abhijit/pyproject_ws/src/ur5_human_control': PYTHONPATH=/home/abhijit/pyproject_ws/build/ur5_human_control/prefix_override:/usr/lib/python3/dist-packages/colcon_core/task/python/colcon_distutils_commands:/home/abhijit/pyproject_ws/install/ur5_human_control/lib/python3.10/site-packages:${PYTHONPATH} /usr/bin/python3 -W ignore:setup.py install is deprecated -W ignore:easy_install command is deprecated setup.py egg_info --egg-base ../../build/ur5_human_control build --build-base /home/abhijit/pyproject_ws/build/ur5_human_control/build install --record /home/abhijit/pyproject_ws/build/ur5_human_control/install.log --single-version-externally-managed
[0.424s] running egg_info
[0.425s] creating ../../build/ur5_human_control/ur5_human_control.egg-info
[0.425s] writing ../../build/ur5_human_control/ur5_human_control.egg-info/PKG-INFO
[0.425s] writing dependency_links to ../../build/ur5_human_control/ur5_human_control.egg-info/dependency_links.txt
[0.425s] writing entry points to ../../build/ur5_human_control/ur5_human_control.egg-info/entry_points.txt
[0.425s] writing requirements to ../../build/ur5_human_control/ur5_human_control.egg-info/requires.txt
[0.425s] writing top-level names to ../../build/ur5_human_control/ur5_human_control.egg-info/top_level.txt
[0.425s] writing manifest file '../../build/ur5_human_control/ur5_human_control.egg-info/SOURCES.txt'
[0.426s] reading manifest file '../../build/ur5_human_control/ur5_human_control.egg-info/SOURCES.txt'
[0.426s] writing manifest file '../../build/ur5_human_control/ur5_human_control.egg-info/SOURCES.txt'
[0.426s] running build
[0.426s] running build_py
[0.426s] creating /home/abhijit/pyproject_ws/build/ur5_human_control/build
[0.426s] creating /home/abhijit/pyproject_ws/build/ur5_human_control/build/lib
[0.426s] creating /home/abhijit/pyproject_ws/build/ur5_human_control/build/lib/ur5_human_control
[0.426s] copying ./ur5_human_control/ur5_moveit_control.py -> /home/abhijit/pyproject_ws/build/ur5_human_control/build/lib/ur5_human_control
[0.426s] copying ./ur5_human_control/__init__.py -> /home/abhijit/pyproject_ws/build/ur5_human_control/build/lib/ur5_human_control
[0.427s] running install
[0.427s] running install_lib
[0.427s] creating /home/abhijit/pyproject_ws/install/ur5_human_control/lib/python3.10/site-packages/ur5_human_control
[0.427s] copying /home/abhijit/pyproject_ws/build/ur5_human_control/build/lib/ur5_human_control/ur5_moveit_control.py -> /home/abhijit/pyproject_ws/install/ur5_human_control/lib/python3.10/site-packages/ur5_human_control
[0.427s] copying /home/abhijit/pyproject_ws/build/ur5_human_control/build/lib/ur5_human_control/__init__.py -> /home/abhijit/pyproject_ws/install/ur5_human_control/lib/python3.10/site-packages/ur5_human_control
[0.427s] byte-compiling /home/abhijit/pyproject_ws/install/ur5_human_control/lib/python3.10/site-packages/ur5_human_control/ur5_moveit_control.py to ur5_moveit_control.cpython-310.pyc
[0.427s] byte-compiling /home/abhijit/pyproject_ws/install/ur5_human_control/lib/python3.10/site-packages/ur5_human_control/__init__.py to __init__.cpython-310.pyc
[0.427s] running install_egg_info
[0.428s] Copying ../../build/ur5_human_control/ur5_human_control.egg-info to /home/abhijit/pyproject_ws/install/ur5_human_control/lib/python3.10/site-packages/ur5_human_control-0.0.0-py3.10.egg-info
[0.429s] running install_scripts
[0.438s] Installing ur5_moveit_control script to /home/abhijit/pyproject_ws/install/ur5_human_control/lib/ur5_human_control
[0.438s] writing list of installed files to '/home/abhijit/pyproject_ws/build/ur5_human_control/install.log'
[0.451s] Invoked command in '/home/abhijit/pyproject_ws/src/ur5_human_control' returned '0': PYTHONPATH=/home/abhijit/pyproject_ws/build/ur5_human_control/prefix_override:/usr/lib/python3/dist-packages/colcon_core/task/python/colcon_distutils_commands:/home/abhijit/pyproject_ws/install/ur5_human_control/lib/python3.10/site-packages:${PYTHONPATH} /usr/bin/python3 -W ignore:setup.py install is deprecated -W ignore:easy_install command is deprecated setup.py egg_info --egg-base ../../build/ur5_human_control build --build-base /home/abhijit/pyproject_ws/build/ur5_human_control/build install --record /home/abhijit/pyproject_ws/build/ur5_human_control/install.log --single-version-externally-managed
