[0.004s] Invoking command in '/home/abhijit/pyproject_ws/build/ur_simulation_gazebo': AMENT_PREFIX_PATH=/home/abhijit/pyproject_ws/install/ur_description:${AMENT_PREFIX_PATH} CMAKE_PREFIX_PATH=/home/abhijit/pyproject_ws/install/ur_description:/opt/ros/humble /usr/bin/cmake /home/abhijit/pyproject_ws/src/Universal_Robots_ROS2_Gazebo_Simulation/ur_simulation_gazebo -DCMAKE_INSTALL_PREFIX=/home/abhijit/pyproject_ws/install/ur_simulation_gazebo
[0.048s] -- The C compiler identification is GNU 11.4.0
[0.106s] -- The CXX compiler identification is GNU 11.4.0
[0.114s] -- Detecting C compiler ABI info
[0.190s] -- Detecting C compiler ABI info - done
[0.197s] -- Check for working C compiler: /usr/bin/cc - skipped
[0.197s] -- Detecting C compile features
[0.197s] -- Detecting C compile features - done
[0.199s] -- Detecting CXX compiler ABI info
[0.278s] -- Detecting CXX compiler ABI info - done
[0.285s] -- Check for working CXX compiler: /usr/bin/c++ - skipped
[0.285s] -- Detecting CXX compile features
[0.285s] -- Detecting CXX compile features - done
[0.286s] -- Found ament_cmake: 1.3.11 (/opt/ros/humble/share/ament_cmake/cmake)
[0.403s] -- Found Python3: /usr/bin/python3 (found version "3.10.12") found components: Interpreter 
[0.466s] -- Found launch_testing_ament_cmake: 1.0.8 (/opt/ros/humble/share/launch_testing_ament_cmake/cmake)
[0.469s] -- Found python_cmake_module: 0.10.0 (/opt/ros/humble/share/python_cmake_module/cmake)
[0.487s] -- Found PythonInterp: /usr/bin/python3 (found suitable version "3.10.12", minimum required is "3.6") 
[0.497s] -- Found PythonLibs: /usr/lib/x86_64-linux-gnu/libpython3.10.so (found suitable version "3.10.12", minimum required is "3.5") 
[0.497s] -- Using PYTHON_EXECUTABLE: /usr/bin/python3
[0.497s] -- Using PYTHON_INCLUDE_DIRS: /usr/include/python3.10
[0.497s] -- Using PYTHON_LIBRARIES: /usr/lib/x86_64-linux-gnu/libpython3.10.so
[0.517s] -- Found PythonExtra: .so  
[0.519s] -- Found ament_cmake_pytest: 1.3.11 (/opt/ros/humble/share/ament_cmake_pytest/cmake)
[0.555s] -- Configuring done
[0.556s] -- Generating done
[0.556s] -- Build files have been written to: /home/abhijit/pyproject_ws/build/ur_simulation_gazebo
[0.560s] Invoked command in '/home/abhijit/pyproject_ws/build/ur_simulation_gazebo' returned '0': AMENT_PREFIX_PATH=/home/abhijit/pyproject_ws/install/ur_description:${AMENT_PREFIX_PATH} CMAKE_PREFIX_PATH=/home/abhijit/pyproject_ws/install/ur_description:/opt/ros/humble /usr/bin/cmake /home/abhijit/pyproject_ws/src/Universal_Robots_ROS2_Gazebo_Simulation/ur_simulation_gazebo -DCMAKE_INSTALL_PREFIX=/home/abhijit/pyproject_ws/install/ur_simulation_gazebo
[0.561s] Invoking command in '/home/abhijit/pyproject_ws/build/ur_simulation_gazebo': AMENT_PREFIX_PATH=/home/abhijit/pyproject_ws/install/ur_description:${AMENT_PREFIX_PATH} CMAKE_PREFIX_PATH=/home/abhijit/pyproject_ws/install/ur_description:/opt/ros/humble /usr/bin/cmake --build /home/abhijit/pyproject_ws/build/ur_simulation_gazebo -- -j32 -l32
[0.594s] Invoked command in '/home/abhijit/pyproject_ws/build/ur_simulation_gazebo' returned '0': AMENT_PREFIX_PATH=/home/abhijit/pyproject_ws/install/ur_description:${AMENT_PREFIX_PATH} CMAKE_PREFIX_PATH=/home/abhijit/pyproject_ws/install/ur_description:/opt/ros/humble /usr/bin/cmake --build /home/abhijit/pyproject_ws/build/ur_simulation_gazebo -- -j32 -l32
[0.595s] Invoking command in '/home/abhijit/pyproject_ws/build/ur_simulation_gazebo': AMENT_PREFIX_PATH=/home/abhijit/pyproject_ws/install/ur_description:${AMENT_PREFIX_PATH} CMAKE_PREFIX_PATH=/home/abhijit/pyproject_ws/install/ur_description:/opt/ros/humble /usr/bin/cmake --install /home/abhijit/pyproject_ws/build/ur_simulation_gazebo
[0.602s] -- Install configuration: ""
[0.602s] -- Installing: /home/abhijit/pyproject_ws/install/ur_simulation_gazebo/share/ur_simulation_gazebo/config
[0.602s] -- Installing: /home/abhijit/pyproject_ws/install/ur_simulation_gazebo/share/ur_simulation_gazebo/config/ur_controllers.yaml
[0.602s] -- Installing: /home/abhijit/pyproject_ws/install/ur_simulation_gazebo/share/ur_simulation_gazebo/launch
[0.602s] -- Installing: /home/abhijit/pyproject_ws/install/ur_simulation_gazebo/share/ur_simulation_gazebo/launch/ur_sim_moveit.launch.py
[0.602s] -- Installing: /home/abhijit/pyproject_ws/install/ur_simulation_gazebo/share/ur_simulation_gazebo/launch/ur_sim_control.launch.py
[0.602s] -- Installing: /home/abhijit/pyproject_ws/install/ur_simulation_gazebo/share/ament_index/resource_index/package_run_dependencies/ur_simulation_gazebo
[0.602s] -- Installing: /home/abhijit/pyproject_ws/install/ur_simulation_gazebo/share/ament_index/resource_index/parent_prefix_path/ur_simulation_gazebo
[0.602s] -- Installing: /home/abhijit/pyproject_ws/install/ur_simulation_gazebo/share/ur_simulation_gazebo/environment/ament_prefix_path.sh
[0.602s] -- Installing: /home/abhijit/pyproject_ws/install/ur_simulation_gazebo/share/ur_simulation_gazebo/environment/ament_prefix_path.dsv
[0.602s] -- Installing: /home/abhijit/pyproject_ws/install/ur_simulation_gazebo/share/ur_simulation_gazebo/environment/path.sh
[0.603s] -- Installing: /home/abhijit/pyproject_ws/install/ur_simulation_gazebo/share/ur_simulation_gazebo/environment/path.dsv
[0.603s] -- Installing: /home/abhijit/pyproject_ws/install/ur_simulation_gazebo/share/ur_simulation_gazebo/local_setup.bash
[0.603s] -- Installing: /home/abhijit/pyproject_ws/install/ur_simulation_gazebo/share/ur_simulation_gazebo/local_setup.sh
[0.603s] -- Installing: /home/abhijit/pyproject_ws/install/ur_simulation_gazebo/share/ur_simulation_gazebo/local_setup.zsh
[0.603s] -- Installing: /home/abhijit/pyproject_ws/install/ur_simulation_gazebo/share/ur_simulation_gazebo/local_setup.dsv
[0.603s] -- Installing: /home/abhijit/pyproject_ws/install/ur_simulation_gazebo/share/ur_simulation_gazebo/package.dsv
[0.603s] -- Installing: /home/abhijit/pyproject_ws/install/ur_simulation_gazebo/share/ament_index/resource_index/packages/ur_simulation_gazebo
[0.603s] -- Installing: /home/abhijit/pyproject_ws/install/ur_simulation_gazebo/share/ur_simulation_gazebo/cmake/ur_simulation_gazeboConfig.cmake
[0.603s] -- Installing: /home/abhijit/pyproject_ws/install/ur_simulation_gazebo/share/ur_simulation_gazebo/cmake/ur_simulation_gazeboConfig-version.cmake
[0.603s] -- Installing: /home/abhijit/pyproject_ws/install/ur_simulation_gazebo/share/ur_simulation_gazebo/package.xml
[0.604s] Invoked command in '/home/abhijit/pyproject_ws/build/ur_simulation_gazebo' returned '0': AMENT_PREFIX_PATH=/home/abhijit/pyproject_ws/install/ur_description:${AMENT_PREFIX_PATH} CMAKE_PREFIX_PATH=/home/abhijit/pyproject_ws/install/ur_description:/opt/ros/humble /usr/bin/cmake --install /home/abhijit/pyproject_ws/build/ur_simulation_gazebo
