[0.010s] Invoking command in '/home/abhijit/pyproject_ws/build/ur_simulation_gazebo': CMAKE_PREFIX_PATH=/home/abhijit/pyproject_ws/install/ur_moveit_config:/home/abhijit/pyproject_ws/install/ur_controllers:/home/abhijit/pyproject_ws/install/ur_description:/home/abhijit/pyproject_ws/install/ur_dashboard_msgs:/home/abhijit/pyproject_ws/install/ur_simulation_gazebo:/home/abhijit/pyproject_ws/install/ur:/home/abhijit/pyproject_ws/install/ur_calibration:/home/abhijit/pyproject_ws/install/ur_robot_driver:/home/abhijit/pyproject_ws/install/ur_bringup:/home/abhijit/pyproject_ws/install/ur5_python_control:/opt/ros/humble LD_LIBRARY_PATH=/home/abhijit/pyproject_ws/install/ur_controllers/lib:/home/abhijit/pyproject_ws/install/ur_dashboard_msgs/lib:/home/abhijit/pyproject_ws/install/ur_robot_driver/lib:/usr/lib/x86_64-linux-gnu/gazebo-11/plugins:/opt/ros/humble/opt/rviz_ogre_vendor/lib:/opt/ros/humble/lib/x86_64-linux-gnu:/opt/ros/humble/lib /usr/bin/cmake --build /home/abhijit/pyproject_ws/build/ur_simulation_gazebo -- -j32 -l32
[0.034s] Invoked command in '/home/abhijit/pyproject_ws/build/ur_simulation_gazebo' returned '0': CMAKE_PREFIX_PATH=/home/abhijit/pyproject_ws/install/ur_moveit_config:/home/abhijit/pyproject_ws/install/ur_controllers:/home/abhijit/pyproject_ws/install/ur_description:/home/abhijit/pyproject_ws/install/ur_dashboard_msgs:/home/abhijit/pyproject_ws/install/ur_simulation_gazebo:/home/abhijit/pyproject_ws/install/ur:/home/abhijit/pyproject_ws/install/ur_calibration:/home/abhijit/pyproject_ws/install/ur_robot_driver:/home/abhijit/pyproject_ws/install/ur_bringup:/home/abhijit/pyproject_ws/install/ur5_python_control:/opt/ros/humble LD_LIBRARY_PATH=/home/abhijit/pyproject_ws/install/ur_controllers/lib:/home/abhijit/pyproject_ws/install/ur_dashboard_msgs/lib:/home/abhijit/pyproject_ws/install/ur_robot_driver/lib:/usr/lib/x86_64-linux-gnu/gazebo-11/plugins:/opt/ros/humble/opt/rviz_ogre_vendor/lib:/opt/ros/humble/lib/x86_64-linux-gnu:/opt/ros/humble/lib /usr/bin/cmake --build /home/abhijit/pyproject_ws/build/ur_simulation_gazebo -- -j32 -l32
[0.035s] Invoking command in '/home/abhijit/pyproject_ws/build/ur_simulation_gazebo': CMAKE_PREFIX_PATH=/home/abhijit/pyproject_ws/install/ur_moveit_config:/home/abhijit/pyproject_ws/install/ur_controllers:/home/abhijit/pyproject_ws/install/ur_description:/home/abhijit/pyproject_ws/install/ur_dashboard_msgs:/home/abhijit/pyproject_ws/install/ur_simulation_gazebo:/home/abhijit/pyproject_ws/install/ur:/home/abhijit/pyproject_ws/install/ur_calibration:/home/abhijit/pyproject_ws/install/ur_robot_driver:/home/abhijit/pyproject_ws/install/ur_bringup:/home/abhijit/pyproject_ws/install/ur5_python_control:/opt/ros/humble LD_LIBRARY_PATH=/home/abhijit/pyproject_ws/install/ur_controllers/lib:/home/abhijit/pyproject_ws/install/ur_dashboard_msgs/lib:/home/abhijit/pyproject_ws/install/ur_robot_driver/lib:/usr/lib/x86_64-linux-gnu/gazebo-11/plugins:/opt/ros/humble/opt/rviz_ogre_vendor/lib:/opt/ros/humble/lib/x86_64-linux-gnu:/opt/ros/humble/lib /usr/bin/cmake --install /home/abhijit/pyproject_ws/build/ur_simulation_gazebo
[0.039s] -- Install configuration: ""
[0.039s] -- Up-to-date: /home/abhijit/pyproject_ws/install/ur_simulation_gazebo/share/ur_simulation_gazebo/config
[0.039s] -- Up-to-date: /home/abhijit/pyproject_ws/install/ur_simulation_gazebo/share/ur_simulation_gazebo/config/ur_controllers.yaml
[0.039s] -- Up-to-date: /home/abhijit/pyproject_ws/install/ur_simulation_gazebo/share/ur_simulation_gazebo/launch
[0.039s] -- Up-to-date: /home/abhijit/pyproject_ws/install/ur_simulation_gazebo/share/ur_simulation_gazebo/launch/ur_sim_moveit.launch.py
[0.039s] -- Up-to-date: /home/abhijit/pyproject_ws/install/ur_simulation_gazebo/share/ur_simulation_gazebo/launch/ur_sim_control.launch.py
[0.039s] -- Up-to-date: /home/abhijit/pyproject_ws/install/ur_simulation_gazebo/share/ament_index/resource_index/package_run_dependencies/ur_simulation_gazebo
[0.039s] -- Up-to-date: /home/abhijit/pyproject_ws/install/ur_simulation_gazebo/share/ament_index/resource_index/parent_prefix_path/ur_simulation_gazebo
[0.039s] -- Up-to-date: /home/abhijit/pyproject_ws/install/ur_simulation_gazebo/share/ur_simulation_gazebo/environment/ament_prefix_path.sh
[0.039s] -- Up-to-date: /home/abhijit/pyproject_ws/install/ur_simulation_gazebo/share/ur_simulation_gazebo/environment/ament_prefix_path.dsv
[0.040s] -- Up-to-date: /home/abhijit/pyproject_ws/install/ur_simulation_gazebo/share/ur_simulation_gazebo/environment/path.sh
[0.040s] -- Up-to-date: /home/abhijit/pyproject_ws/install/ur_simulation_gazebo/share/ur_simulation_gazebo/environment/path.dsv
[0.040s] -- Up-to-date: /home/abhijit/pyproject_ws/install/ur_simulation_gazebo/share/ur_simulation_gazebo/local_setup.bash
[0.040s] -- Up-to-date: /home/abhijit/pyproject_ws/install/ur_simulation_gazebo/share/ur_simulation_gazebo/local_setup.sh
[0.040s] -- Up-to-date: /home/abhijit/pyproject_ws/install/ur_simulation_gazebo/share/ur_simulation_gazebo/local_setup.zsh
[0.040s] -- Up-to-date: /home/abhijit/pyproject_ws/install/ur_simulation_gazebo/share/ur_simulation_gazebo/local_setup.dsv
[0.040s] -- Installing: /home/abhijit/pyproject_ws/install/ur_simulation_gazebo/share/ur_simulation_gazebo/package.dsv
[0.040s] -- Up-to-date: /home/abhijit/pyproject_ws/install/ur_simulation_gazebo/share/ament_index/resource_index/packages/ur_simulation_gazebo
[0.040s] -- Up-to-date: /home/abhijit/pyproject_ws/install/ur_simulation_gazebo/share/ur_simulation_gazebo/cmake/ur_simulation_gazeboConfig.cmake
[0.040s] -- Up-to-date: /home/abhijit/pyproject_ws/install/ur_simulation_gazebo/share/ur_simulation_gazebo/cmake/ur_simulation_gazeboConfig-version.cmake
[0.040s] -- Up-to-date: /home/abhijit/pyproject_ws/install/ur_simulation_gazebo/share/ur_simulation_gazebo/package.xml
[0.041s] Invoked command in '/home/abhijit/pyproject_ws/build/ur_simulation_gazebo' returned '0': CMAKE_PREFIX_PATH=/home/abhijit/pyproject_ws/install/ur_moveit_config:/home/abhijit/pyproject_ws/install/ur_controllers:/home/abhijit/pyproject_ws/install/ur_description:/home/abhijit/pyproject_ws/install/ur_dashboard_msgs:/home/abhijit/pyproject_ws/install/ur_simulation_gazebo:/home/abhijit/pyproject_ws/install/ur:/home/abhijit/pyproject_ws/install/ur_calibration:/home/abhijit/pyproject_ws/install/ur_robot_driver:/home/abhijit/pyproject_ws/install/ur_bringup:/home/abhijit/pyproject_ws/install/ur5_python_control:/opt/ros/humble LD_LIBRARY_PATH=/home/abhijit/pyproject_ws/install/ur_controllers/lib:/home/abhijit/pyproject_ws/install/ur_dashboard_msgs/lib:/home/abhijit/pyproject_ws/install/ur_robot_driver/lib:/usr/lib/x86_64-linux-gnu/gazebo-11/plugins:/opt/ros/humble/opt/rviz_ogre_vendor/lib:/opt/ros/humble/lib/x86_64-linux-gnu:/opt/ros/humble/lib /usr/bin/cmake --install /home/abhijit/pyproject_ws/build/ur_simulation_gazebo
