[0.009s] Invoking command in '/home/abhijit/pyproject_ws/build/ur_calibration': AMENT_PREFIX_PATH=/home/abhijit/pyproject_ws/install/ur_robot_driver:/home/abhijit/pyproject_ws/install/ur_controllers:/home/abhijit/pyproject_ws/install/ur_description:/home/abhijit/pyproject_ws/install/ur_dashboard_msgs:${AMENT_PREFIX_PATH} CMAKE_PREFIX_PATH=/home/abhijit/pyproject_ws/install/ur_robot_driver:/home/abhijit/pyproject_ws/install/ur_controllers:/home/abhijit/pyproject_ws/install/ur_description:/home/abhijit/pyproject_ws/install/ur_dashboard_msgs:/opt/ros/humble LD_LIBRARY_PATH=/home/abhijit/pyproject_ws/install/ur_robot_driver/lib:/home/abhijit/pyproject_ws/install/ur_controllers/lib:/home/abhijit/pyproject_ws/install/ur_dashboard_msgs/lib:${LD_LIBRARY_PATH} PATH=/home/abhijit/pyproject_ws/install/ur_robot_driver/bin:${PATH} PYTHONPATH=/home/abhijit/pyproject_ws/install/ur_robot_driver/local/lib/python3.10/dist-packages:/home/abhijit/pyproject_ws/install/ur_dashboard_msgs/local/lib/python3.10/dist-packages:${PYTHONPATH} /usr/bin/cmake --build /home/abhijit/pyproject_ws/build/ur_calibration -- -j32 -l32
[0.037s] [35m[1mConsolidate compiler generated dependencies of target gmock_main[0m
[0.037s] [35m[1mConsolidate compiler generated dependencies of target gmock[0m
[0.038s] [35m[1mConsolidate compiler generated dependencies of target calibration[0m
[0.046s] [ 16%] Built target gmock_main
[0.046s] [ 41%] Built target gmock
[0.053s] [ 66%] Built target calibration
[0.061s] [35m[1mConsolidate compiler generated dependencies of target calibration_correction[0m
[0.061s] [35m[1mConsolidate compiler generated dependencies of target calibration_test[0m
[0.075s] [ 83%] Built target calibration_test
[0.076s] [100%] Built target calibration_correction
[0.083s] Invoked command in '/home/abhijit/pyproject_ws/build/ur_calibration' returned '0': AMENT_PREFIX_PATH=/home/abhijit/pyproject_ws/install/ur_robot_driver:/home/abhijit/pyproject_ws/install/ur_controllers:/home/abhijit/pyproject_ws/install/ur_description:/home/abhijit/pyproject_ws/install/ur_dashboard_msgs:${AMENT_PREFIX_PATH} CMAKE_PREFIX_PATH=/home/abhijit/pyproject_ws/install/ur_robot_driver:/home/abhijit/pyproject_ws/install/ur_controllers:/home/abhijit/pyproject_ws/install/ur_description:/home/abhijit/pyproject_ws/install/ur_dashboard_msgs:/opt/ros/humble LD_LIBRARY_PATH=/home/abhijit/pyproject_ws/install/ur_robot_driver/lib:/home/abhijit/pyproject_ws/install/ur_controllers/lib:/home/abhijit/pyproject_ws/install/ur_dashboard_msgs/lib:${LD_LIBRARY_PATH} PATH=/home/abhijit/pyproject_ws/install/ur_robot_driver/bin:${PATH} PYTHONPATH=/home/abhijit/pyproject_ws/install/ur_robot_driver/local/lib/python3.10/dist-packages:/home/abhijit/pyproject_ws/install/ur_dashboard_msgs/local/lib/python3.10/dist-packages:${PYTHONPATH} /usr/bin/cmake --build /home/abhijit/pyproject_ws/build/ur_calibration -- -j32 -l32
[0.084s] Invoking command in '/home/abhijit/pyproject_ws/build/ur_calibration': AMENT_PREFIX_PATH=/home/abhijit/pyproject_ws/install/ur_robot_driver:/home/abhijit/pyproject_ws/install/ur_controllers:/home/abhijit/pyproject_ws/install/ur_description:/home/abhijit/pyproject_ws/install/ur_dashboard_msgs:${AMENT_PREFIX_PATH} CMAKE_PREFIX_PATH=/home/abhijit/pyproject_ws/install/ur_robot_driver:/home/abhijit/pyproject_ws/install/ur_controllers:/home/abhijit/pyproject_ws/install/ur_description:/home/abhijit/pyproject_ws/install/ur_dashboard_msgs:/opt/ros/humble LD_LIBRARY_PATH=/home/abhijit/pyproject_ws/install/ur_robot_driver/lib:/home/abhijit/pyproject_ws/install/ur_controllers/lib:/home/abhijit/pyproject_ws/install/ur_dashboard_msgs/lib:${LD_LIBRARY_PATH} PATH=/home/abhijit/pyproject_ws/install/ur_robot_driver/bin:${PATH} PYTHONPATH=/home/abhijit/pyproject_ws/install/ur_robot_driver/local/lib/python3.10/dist-packages:/home/abhijit/pyproject_ws/install/ur_dashboard_msgs/local/lib/python3.10/dist-packages:${PYTHONPATH} /usr/bin/cmake --install /home/abhijit/pyproject_ws/build/ur_calibration
[0.089s] -- Install configuration: "RelWithDebInfo"
[0.089s] -- Up-to-date: /home/abhijit/pyproject_ws/install/ur_calibration/lib/ur_calibration/calibration_correction
[0.089s] -- Up-to-date: /home/abhijit/pyproject_ws/install/ur_calibration/include
[0.089s] -- Up-to-date: /home/abhijit/pyproject_ws/install/ur_calibration/include/ur_calibration
[0.089s] -- Up-to-date: /home/abhijit/pyproject_ws/install/ur_calibration/include/ur_calibration/calibration_consumer.hpp
[0.089s] -- Up-to-date: /home/abhijit/pyproject_ws/install/ur_calibration/include/ur_calibration/calibration.hpp
[0.089s] -- Up-to-date: /home/abhijit/pyproject_ws/install/ur_calibration/share/ur_calibration/launch
[0.089s] -- Up-to-date: /home/abhijit/pyproject_ws/install/ur_calibration/share/ur_calibration/launch/calibration_correction.launch.py
[0.089s] -- Up-to-date: /home/abhijit/pyproject_ws/install/ur_calibration/share/ament_index/resource_index/package_run_dependencies/ur_calibration
[0.089s] -- Up-to-date: /home/abhijit/pyproject_ws/install/ur_calibration/share/ament_index/resource_index/parent_prefix_path/ur_calibration
[0.089s] -- Up-to-date: /home/abhijit/pyproject_ws/install/ur_calibration/share/ur_calibration/environment/ament_prefix_path.sh
[0.089s] -- Up-to-date: /home/abhijit/pyproject_ws/install/ur_calibration/share/ur_calibration/environment/ament_prefix_path.dsv
[0.089s] -- Up-to-date: /home/abhijit/pyproject_ws/install/ur_calibration/share/ur_calibration/environment/path.sh
[0.089s] -- Up-to-date: /home/abhijit/pyproject_ws/install/ur_calibration/share/ur_calibration/environment/path.dsv
[0.089s] -- Up-to-date: /home/abhijit/pyproject_ws/install/ur_calibration/share/ur_calibration/local_setup.bash
[0.089s] -- Up-to-date: /home/abhijit/pyproject_ws/install/ur_calibration/share/ur_calibration/local_setup.sh
[0.089s] -- Up-to-date: /home/abhijit/pyproject_ws/install/ur_calibration/share/ur_calibration/local_setup.zsh
[0.089s] -- Up-to-date: /home/abhijit/pyproject_ws/install/ur_calibration/share/ur_calibration/local_setup.dsv
[0.089s] -- Installing: /home/abhijit/pyproject_ws/install/ur_calibration/share/ur_calibration/package.dsv
[0.089s] -- Up-to-date: /home/abhijit/pyproject_ws/install/ur_calibration/share/ament_index/resource_index/packages/ur_calibration
[0.090s] -- Up-to-date: /home/abhijit/pyproject_ws/install/ur_calibration/share/ur_calibration/cmake/ament_cmake_export_include_directories-extras.cmake
[0.090s] -- Up-to-date: /home/abhijit/pyproject_ws/install/ur_calibration/share/ur_calibration/cmake/ament_cmake_export_dependencies-extras.cmake
[0.090s] -- Up-to-date: /home/abhijit/pyproject_ws/install/ur_calibration/share/ur_calibration/cmake/ur_calibrationConfig.cmake
[0.090s] -- Up-to-date: /home/abhijit/pyproject_ws/install/ur_calibration/share/ur_calibration/cmake/ur_calibrationConfig-version.cmake
[0.090s] -- Up-to-date: /home/abhijit/pyproject_ws/install/ur_calibration/share/ur_calibration/package.xml
[0.091s] Invoked command in '/home/abhijit/pyproject_ws/build/ur_calibration' returned '0': AMENT_PREFIX_PATH=/home/abhijit/pyproject_ws/install/ur_robot_driver:/home/abhijit/pyproject_ws/install/ur_controllers:/home/abhijit/pyproject_ws/install/ur_description:/home/abhijit/pyproject_ws/install/ur_dashboard_msgs:${AMENT_PREFIX_PATH} CMAKE_PREFIX_PATH=/home/abhijit/pyproject_ws/install/ur_robot_driver:/home/abhijit/pyproject_ws/install/ur_controllers:/home/abhijit/pyproject_ws/install/ur_description:/home/abhijit/pyproject_ws/install/ur_dashboard_msgs:/opt/ros/humble LD_LIBRARY_PATH=/home/abhijit/pyproject_ws/install/ur_robot_driver/lib:/home/abhijit/pyproject_ws/install/ur_controllers/lib:/home/abhijit/pyproject_ws/install/ur_dashboard_msgs/lib:${LD_LIBRARY_PATH} PATH=/home/abhijit/pyproject_ws/install/ur_robot_driver/bin:${PATH} PYTHONPATH=/home/abhijit/pyproject_ws/install/ur_robot_driver/local/lib/python3.10/dist-packages:/home/abhijit/pyproject_ws/install/ur_dashboard_msgs/local/lib/python3.10/dist-packages:${PYTHONPATH} /usr/bin/cmake --install /home/abhijit/pyproject_ws/build/ur_calibration
