[0.004s] Invoking command in '/home/abhijit/pyproject_ws/build/ur_moveit_config': CMAKE_PREFIX_PATH=/home/abhijit/pyproject_ws/install/ur_description:/home/abhijit/pyproject_ws/install/ur_simulation_gazebo:/opt/ros/humble /usr/bin/cmake /home/abhijit/pyproject_ws/src/Universal_Robots_ROS2_Driver/ur_moveit_config -DCMAKE_INSTALL_PREFIX=/home/abhijit/pyproject_ws/install/ur_moveit_config
[0.061s] -- The C compiler identification is GNU 11.4.0
[0.123s] -- The CXX compiler identification is GNU 11.4.0
[0.128s] -- Detecting C compiler ABI info
[0.192s] -- Detecting C compiler ABI info - done
[0.196s] -- Check for working C compiler: /usr/bin/cc - skipped
[0.196s] -- Detecting C compile features
[0.197s] -- Detecting C compile features - done
[0.198s] -- Detecting CXX compiler ABI info
[0.258s] -- Detecting CXX compiler ABI info - done
[0.267s] -- Check for working CXX compiler: /usr/bin/c++ - skipped
[0.267s] -- Detecting CXX compile features
[0.268s] -- Detecting CXX compile features - done
[0.269s] -- Found ament_cmake: 1.3.11 (/opt/ros/humble/share/ament_cmake/cmake)
[0.364s] -- Found Python3: /usr/bin/python3 (found version "3.10.12") found components: Interpreter 
[0.489s] -- Configuring done
[0.491s] -- Generating done
[0.491s] -- Build files have been written to: /home/abhijit/pyproject_ws/build/ur_moveit_config
[0.495s] Invoked command in '/home/abhijit/pyproject_ws/build/ur_moveit_config' returned '0': CMAKE_PREFIX_PATH=/home/abhijit/pyproject_ws/install/ur_description:/home/abhijit/pyproject_ws/install/ur_simulation_gazebo:/opt/ros/humble /usr/bin/cmake /home/abhijit/pyproject_ws/src/Universal_Robots_ROS2_Driver/ur_moveit_config -DCMAKE_INSTALL_PREFIX=/home/abhijit/pyproject_ws/install/ur_moveit_config
[0.495s] Invoking command in '/home/abhijit/pyproject_ws/build/ur_moveit_config': CMAKE_PREFIX_PATH=/home/abhijit/pyproject_ws/install/ur_description:/home/abhijit/pyproject_ws/install/ur_simulation_gazebo:/opt/ros/humble /usr/bin/cmake --build /home/abhijit/pyproject_ws/build/ur_moveit_config -- -j32 -l32
[0.529s] Built target ament_cmake_python_copy_ur_moveit_config
[0.637s] running egg_info
[0.637s] creating ur_moveit_config.egg-info
[0.637s] writing ur_moveit_config.egg-info/PKG-INFO
[0.637s] writing dependency_links to ur_moveit_config.egg-info/dependency_links.txt
[0.637s] writing top-level names to ur_moveit_config.egg-info/top_level.txt
[0.637s] writing manifest file 'ur_moveit_config.egg-info/SOURCES.txt'
[0.638s] reading manifest file 'ur_moveit_config.egg-info/SOURCES.txt'
[0.638s] writing manifest file 'ur_moveit_config.egg-info/SOURCES.txt'
[0.652s] Built target ament_cmake_python_build_ur_moveit_config_egg
[0.659s] Invoked command in '/home/abhijit/pyproject_ws/build/ur_moveit_config' returned '0': CMAKE_PREFIX_PATH=/home/abhijit/pyproject_ws/install/ur_description:/home/abhijit/pyproject_ws/install/ur_simulation_gazebo:/opt/ros/humble /usr/bin/cmake --build /home/abhijit/pyproject_ws/build/ur_moveit_config -- -j32 -l32
[0.660s] Invoking command in '/home/abhijit/pyproject_ws/build/ur_moveit_config': CMAKE_PREFIX_PATH=/home/abhijit/pyproject_ws/install/ur_description:/home/abhijit/pyproject_ws/install/ur_simulation_gazebo:/opt/ros/humble /usr/bin/cmake --install /home/abhijit/pyproject_ws/build/ur_moveit_config
[0.663s] -- Install configuration: ""
[0.664s] -- Installing: /home/abhijit/pyproject_ws/install/ur_moveit_config/share/ur_moveit_config/config
[0.664s] -- Installing: /home/abhijit/pyproject_ws/install/ur_moveit_config/share/ur_moveit_config/config/ompl_planning.yaml
[0.664s] -- Installing: /home/abhijit/pyproject_ws/install/ur_moveit_config/share/ur_moveit_config/config/kinematics.yaml
[0.664s] -- Installing: /home/abhijit/pyproject_ws/install/ur_moveit_config/share/ur_moveit_config/config/controllers.yaml
[0.664s] -- Installing: /home/abhijit/pyproject_ws/install/ur_moveit_config/share/ur_moveit_config/config/joint_limits.yaml
[0.664s] -- Installing: /home/abhijit/pyproject_ws/install/ur_moveit_config/share/ur_moveit_config/config/ur_servo.yaml
[0.664s] -- Installing: /home/abhijit/pyproject_ws/install/ur_moveit_config/share/ur_moveit_config/launch
[0.664s] -- Installing: /home/abhijit/pyproject_ws/install/ur_moveit_config/share/ur_moveit_config/launch/ur_moveit.launch.py
[0.664s] -- Installing: /home/abhijit/pyproject_ws/install/ur_moveit_config/share/ur_moveit_config/rviz
[0.664s] -- Installing: /home/abhijit/pyproject_ws/install/ur_moveit_config/share/ur_moveit_config/rviz/view_robot.rviz
[0.664s] -- Installing: /home/abhijit/pyproject_ws/install/ur_moveit_config/share/ur_moveit_config/srdf
[0.664s] -- Installing: /home/abhijit/pyproject_ws/install/ur_moveit_config/share/ur_moveit_config/srdf/ur_macro.srdf.xacro
[0.664s] -- Installing: /home/abhijit/pyproject_ws/install/ur_moveit_config/share/ur_moveit_config/srdf/ur.srdf.xacro
[0.664s] -- Installing: /home/abhijit/pyproject_ws/install/ur_moveit_config/share/ur_moveit_config/environment/pythonpath.sh
[0.664s] -- Installing: /home/abhijit/pyproject_ws/install/ur_moveit_config/share/ur_moveit_config/environment/pythonpath.dsv
[0.664s] -- Installing: /home/abhijit/pyproject_ws/install/ur_moveit_config/local/lib/python3.10/dist-packages/ur_moveit_config-2.7.0-py3.10.egg-info
[0.665s] -- Installing: /home/abhijit/pyproject_ws/install/ur_moveit_config/local/lib/python3.10/dist-packages/ur_moveit_config-2.7.0-py3.10.egg-info/dependency_links.txt
[0.665s] -- Installing: /home/abhijit/pyproject_ws/install/ur_moveit_config/local/lib/python3.10/dist-packages/ur_moveit_config-2.7.0-py3.10.egg-info/PKG-INFO
[0.665s] -- Installing: /home/abhijit/pyproject_ws/install/ur_moveit_config/local/lib/python3.10/dist-packages/ur_moveit_config-2.7.0-py3.10.egg-info/top_level.txt
[0.665s] -- Installing: /home/abhijit/pyproject_ws/install/ur_moveit_config/local/lib/python3.10/dist-packages/ur_moveit_config-2.7.0-py3.10.egg-info/SOURCES.txt
[0.665s] -- Installing: /home/abhijit/pyproject_ws/install/ur_moveit_config/local/lib/python3.10/dist-packages/ur_moveit_config
[0.665s] -- Installing: /home/abhijit/pyproject_ws/install/ur_moveit_config/local/lib/python3.10/dist-packages/ur_moveit_config/__init__.py
[0.665s] -- Installing: /home/abhijit/pyproject_ws/install/ur_moveit_config/local/lib/python3.10/dist-packages/ur_moveit_config/launch_common.py
[0.681s] Listing '/home/abhijit/pyproject_ws/install/ur_moveit_config/local/lib/python3.10/dist-packages/ur_moveit_config'...
[0.681s] Compiling '/home/abhijit/pyproject_ws/install/ur_moveit_config/local/lib/python3.10/dist-packages/ur_moveit_config/__init__.py'...
[0.681s] Compiling '/home/abhijit/pyproject_ws/install/ur_moveit_config/local/lib/python3.10/dist-packages/ur_moveit_config/launch_common.py'...
[0.683s] -- Installing: /home/abhijit/pyproject_ws/install/ur_moveit_config/local/lib/python3.10/dist-packages/launch_common.py
[0.698s] Compiling '/home/abhijit/pyproject_ws/install/ur_moveit_config/local/lib/python3.10/dist-packages/launch_common.py'...
[0.701s] -- Installing: /home/abhijit/pyproject_ws/install/ur_moveit_config/share/ament_index/resource_index/package_run_dependencies/ur_moveit_config
[0.701s] -- Installing: /home/abhijit/pyproject_ws/install/ur_moveit_config/share/ament_index/resource_index/parent_prefix_path/ur_moveit_config
[0.701s] -- Installing: /home/abhijit/pyproject_ws/install/ur_moveit_config/share/ur_moveit_config/environment/ament_prefix_path.sh
[0.701s] -- Installing: /home/abhijit/pyproject_ws/install/ur_moveit_config/share/ur_moveit_config/environment/ament_prefix_path.dsv
[0.701s] -- Installing: /home/abhijit/pyproject_ws/install/ur_moveit_config/share/ur_moveit_config/environment/path.sh
[0.701s] -- Installing: /home/abhijit/pyproject_ws/install/ur_moveit_config/share/ur_moveit_config/environment/path.dsv
[0.701s] -- Installing: /home/abhijit/pyproject_ws/install/ur_moveit_config/share/ur_moveit_config/local_setup.bash
[0.701s] -- Installing: /home/abhijit/pyproject_ws/install/ur_moveit_config/share/ur_moveit_config/local_setup.sh
[0.701s] -- Installing: /home/abhijit/pyproject_ws/install/ur_moveit_config/share/ur_moveit_config/local_setup.zsh
[0.701s] -- Installing: /home/abhijit/pyproject_ws/install/ur_moveit_config/share/ur_moveit_config/local_setup.dsv
[0.701s] -- Installing: /home/abhijit/pyproject_ws/install/ur_moveit_config/share/ur_moveit_config/package.dsv
[0.701s] -- Installing: /home/abhijit/pyproject_ws/install/ur_moveit_config/share/ament_index/resource_index/packages/ur_moveit_config
[0.702s] -- Installing: /home/abhijit/pyproject_ws/install/ur_moveit_config/share/ur_moveit_config/cmake/ur_moveit_configConfig.cmake
[0.702s] -- Installing: /home/abhijit/pyproject_ws/install/ur_moveit_config/share/ur_moveit_config/cmake/ur_moveit_configConfig-version.cmake
[0.702s] -- Installing: /home/abhijit/pyproject_ws/install/ur_moveit_config/share/ur_moveit_config/package.xml
[0.703s] Invoked command in '/home/abhijit/pyproject_ws/build/ur_moveit_config' returned '0': CMAKE_PREFIX_PATH=/home/abhijit/pyproject_ws/install/ur_description:/home/abhijit/pyproject_ws/install/ur_simulation_gazebo:/opt/ros/humble /usr/bin/cmake --install /home/abhijit/pyproject_ws/build/ur_moveit_config
