[0.307s] Invoking command in '/home/abhijit/pyproject_ws/src/ur5_human_control': PYTHONPATH=/home/abhijit/pyproject_ws/build/ur5_human_control/prefix_override:/usr/lib/python3/dist-packages/colcon_core/task/python/colcon_distutils_commands:/home/abhijit/pyproject_ws/install/ur5_human_control/lib/python3.10/site-packages:${PYTHONPATH} /usr/bin/python3 -W ignore:setup.py install is deprecated -W ignore:easy_install command is deprecated setup.py egg_info --egg-base ../../build/ur5_human_control build --build-base /home/abhijit/pyproject_ws/build/ur5_human_control/build install --record /home/abhijit/pyproject_ws/build/ur5_human_control/install.log --single-version-externally-managed
[0.420s] running egg_info
[0.420s] writing ../../build/ur5_human_control/ur5_human_control.egg-info/PKG-INFO
[0.420s] writing dependency_links to ../../build/ur5_human_control/ur5_human_control.egg-info/dependency_links.txt
[0.420s] writing entry points to ../../build/ur5_human_control/ur5_human_control.egg-info/entry_points.txt
[0.420s] writing requirements to ../../build/ur5_human_control/ur5_human_control.egg-info/requires.txt
[0.421s] writing top-level names to ../../build/ur5_human_control/ur5_human_control.egg-info/top_level.txt
[0.421s] reading manifest file '../../build/ur5_human_control/ur5_human_control.egg-info/SOURCES.txt'
[0.421s] writing manifest file '../../build/ur5_human_control/ur5_human_control.egg-info/SOURCES.txt'
[0.422s] running build
[0.422s] running build_py
[0.422s] running install
[0.422s] running install_lib
[0.422s] running install_egg_info
[0.424s] removing '/home/abhijit/pyproject_ws/install/ur5_human_control/lib/python3.10/site-packages/ur5_human_control-0.0.0-py3.10.egg-info' (and everything under it)
[0.424s] Copying ../../build/ur5_human_control/ur5_human_control.egg-info to /home/abhijit/pyproject_ws/install/ur5_human_control/lib/python3.10/site-packages/ur5_human_control-0.0.0-py3.10.egg-info
[0.425s] running install_scripts
[0.434s] Installing ur5_moveit_control script to /home/abhijit/pyproject_ws/install/ur5_human_control/lib/ur5_human_control
[0.434s] writing list of installed files to '/home/abhijit/pyproject_ws/build/ur5_human_control/install.log'
[0.445s] Invoked command in '/home/abhijit/pyproject_ws/src/ur5_human_control' returned '0': PYTHONPATH=/home/abhijit/pyproject_ws/build/ur5_human_control/prefix_override:/usr/lib/python3/dist-packages/colcon_core/task/python/colcon_distutils_commands:/home/abhijit/pyproject_ws/install/ur5_human_control/lib/python3.10/site-packages:${PYTHONPATH} /usr/bin/python3 -W ignore:setup.py install is deprecated -W ignore:easy_install command is deprecated setup.py egg_info --egg-base ../../build/ur5_human_control build --build-base /home/abhijit/pyproject_ws/build/ur5_human_control/build install --record /home/abhijit/pyproject_ws/build/ur5_human_control/install.log --single-version-externally-managed
