[0.011s] Invoking command in '/home/abhijit/pyproject_ws/build/ur_robot_driver': AMENT_PREFIX_PATH=/home/abhijit/pyproject_ws/install/ur_controllers:/home/abhijit/pyproject_ws/install/ur_dashboard_msgs:${AMENT_PREFIX_PATH} CMAKE_PREFIX_PATH=/home/abhijit/pyproject_ws/install/ur_controllers:/home/abhijit/pyproject_ws/install/ur_description:/home/abhijit/pyproject_ws/install/ur_dashboard_msgs:/home/abhijit/pyproject_ws/install/ur_simulation_gazebo:/opt/ros/humble LD_LIBRARY_PATH=/home/abhijit/pyproject_ws/install/ur_controllers/lib:/home/abhijit/pyproject_ws/install/ur_dashboard_msgs/lib:${LD_LIBRARY_PATH} PYTHONPATH=/home/abhijit/pyproject_ws/install/ur_dashboard_msgs/local/lib/python3.10/dist-packages:${PYTHONPATH} /usr/bin/cmake /home/abhijit/pyproject_ws/src/Universal_Robots_ROS2_Driver/ur_robot_driver -DCMAKE_INSTALL_PREFIX=/home/abhijit/pyproject_ws/install/ur_robot_driver
[0.071s] -- The C compiler identification is GNU 11.4.0
[0.115s] -- The CXX compiler identification is GNU 11.4.0
[0.119s] -- Detecting C compiler ABI info
[0.177s] -- Detecting C compiler ABI info - done
[0.184s] -- Check for working C compiler: /usr/bin/cc - skipped
[0.184s] -- Detecting C compile features
[0.185s] -- Detecting C compile features - done
[0.189s] -- Detecting CXX compiler ABI info
[0.262s] -- Detecting CXX compiler ABI info - done
[0.266s] -- Check for working CXX compiler: /usr/bin/c++ - skipped
[0.266s] -- Detecting CXX compile features
[0.266s] -- Detecting CXX compile features - done
[0.267s] [0mur_robot_driver: You did not request a specific build type: selecting 'RelWithDebInfo'.[0m
[0.268s] -- Found ament_cmake: 1.3.11 (/opt/ros/humble/share/ament_cmake/cmake)
[0.367s] -- Found Python3: /usr/bin/python3 (found version "3.10.12") found components: Interpreter 
[0.424s] -- Found controller_manager: 2.50.0 (/opt/ros/humble/share/controller_manager/cmake)
[0.452s] -- Found rosidl_generator_c: 3.1.6 (/opt/ros/humble/share/rosidl_generator_c/cmake)
[0.454s] -- Found rosidl_adapter: 3.1.6 (/opt/ros/humble/share/rosidl_adapter/cmake)
[0.459s] -- Found rosidl_generator_cpp: 3.1.6 (/opt/ros/humble/share/rosidl_generator_cpp/cmake)
[0.465s] -- Using all available rosidl_typesupport_c: rosidl_typesupport_fastrtps_c;rosidl_typesupport_introspection_c
[0.473s] -- Using all available rosidl_typesupport_cpp: rosidl_typesupport_fastrtps_cpp;rosidl_typesupport_introspection_cpp
[0.573s] -- Found rmw_implementation_cmake: 6.1.2 (/opt/ros/humble/share/rmw_implementation_cmake/cmake)
[0.574s] -- Found rmw_fastrtps_cpp: 6.2.7 (/opt/ros/humble/share/rmw_fastrtps_cpp/cmake)
[0.587s] -- Found TinyXML2 via Config file: TinyXML2_DIR-NOTFOUND
[0.637s] -- Found OpenSSL: /usr/lib/x86_64-linux-gnu/libcrypto.so (found version "3.0.2")  
[0.641s] -- Found TinyXML2 via Config file: TinyXML2_DIR-NOTFOUND
[0.663s] -- Found FastRTPS: /opt/ros/humble/include  
[0.667s] -- Found TinyXML2 via Config file: TinyXML2_DIR-NOTFOUND
[0.678s] -- Found TinyXML2 via Config file: TinyXML2_DIR-NOTFOUND
[0.689s] -- Using RMW implementation 'rmw_fastrtps_cpp' as default
[0.699s] -- Looking for pthread.h
[0.790s] -- Looking for pthread.h - found
[0.791s] -- Performing Test CMAKE_HAVE_LIBC_PTHREAD
[0.880s] -- Performing Test CMAKE_HAVE_LIBC_PTHREAD - Success
[0.881s] -- Found Threads: TRUE  
[0.937s] -- Found rclpy: 3.3.16 (/opt/ros/humble/share/rclpy/cmake)
[0.938s] -- Found std_srvs: 4.8.0 (/opt/ros/humble/share/std_srvs/cmake)
[0.943s] -- Found tf2_geometry_msgs: 0.25.12 (/opt/ros/humble/share/tf2_geometry_msgs/cmake)
[0.950s] -- Found eigen3_cmake_module: 0.1.1 (/opt/ros/humble/share/eigen3_cmake_module/cmake)
[0.951s] -- Found Eigen3: TRUE (found version "3.4.0") 
[0.951s] -- Ensuring Eigen3 include directory is part of orocos-kdl CMake target
[0.981s] -- Found ur_dashboard_msgs: 2.7.0 (/home/abhijit/pyproject_ws/install/ur_dashboard_msgs/share/ur_dashboard_msgs/cmake)
[0.989s] -- Found ur_msgs: 2.2.0 (/opt/ros/humble/share/ur_msgs/cmake)
[1.135s] -- Found ur_controllers: 2.7.0 (/home/abhijit/pyproject_ws/install/ur_controllers/share/ur_controllers/cmake)
[1.184s] -- Found ur_description: 2.5.0 (/home/abhijit/pyproject_ws/install/ur_description/share/ur_description/cmake)
[1.185s] -- Found launch_testing_ament_cmake: 1.0.8 (/opt/ros/humble/share/launch_testing_ament_cmake/cmake)
[1.186s] -- Found python_cmake_module: 0.10.0 (/opt/ros/humble/share/python_cmake_module/cmake)
[1.202s] -- Found PythonInterp: /usr/bin/python3 (found suitable version "3.10.12", minimum required is "3.6") 
[1.204s] -- Found PythonLibs: /usr/lib/x86_64-linux-gnu/libpython3.10.so (found suitable version "3.10.12", minimum required is "3.5") 
[1.205s] -- Using PYTHON_EXECUTABLE: /usr/bin/python3
[1.205s] -- Using PYTHON_INCLUDE_DIRS: /usr/include/python3.10
[1.205s] -- Using PYTHON_LIBRARIES: /usr/lib/x86_64-linux-gnu/libpython3.10.so
[1.221s] -- Found PythonExtra: .so  
[1.221s] -- Configuring done
[1.281s] -- Generating done
[1.292s] -- Build files have been written to: /home/abhijit/pyproject_ws/build/ur_robot_driver
[1.298s] Invoked command in '/home/abhijit/pyproject_ws/build/ur_robot_driver' returned '0': AMENT_PREFIX_PATH=/home/abhijit/pyproject_ws/install/ur_controllers:/home/abhijit/pyproject_ws/install/ur_dashboard_msgs:${AMENT_PREFIX_PATH} CMAKE_PREFIX_PATH=/home/abhijit/pyproject_ws/install/ur_controllers:/home/abhijit/pyproject_ws/install/ur_description:/home/abhijit/pyproject_ws/install/ur_dashboard_msgs:/home/abhijit/pyproject_ws/install/ur_simulation_gazebo:/opt/ros/humble LD_LIBRARY_PATH=/home/abhijit/pyproject_ws/install/ur_controllers/lib:/home/abhijit/pyproject_ws/install/ur_dashboard_msgs/lib:${LD_LIBRARY_PATH} PYTHONPATH=/home/abhijit/pyproject_ws/install/ur_dashboard_msgs/local/lib/python3.10/dist-packages:${PYTHONPATH} /usr/bin/cmake /home/abhijit/pyproject_ws/src/Universal_Robots_ROS2_Driver/ur_robot_driver -DCMAKE_INSTALL_PREFIX=/home/abhijit/pyproject_ws/install/ur_robot_driver
[1.299s] Invoking command in '/home/abhijit/pyproject_ws/build/ur_robot_driver': AMENT_PREFIX_PATH=/home/abhijit/pyproject_ws/install/ur_controllers:/home/abhijit/pyproject_ws/install/ur_dashboard_msgs:${AMENT_PREFIX_PATH} CMAKE_PREFIX_PATH=/home/abhijit/pyproject_ws/install/ur_controllers:/home/abhijit/pyproject_ws/install/ur_description:/home/abhijit/pyproject_ws/install/ur_dashboard_msgs:/home/abhijit/pyproject_ws/install/ur_simulation_gazebo:/opt/ros/humble LD_LIBRARY_PATH=/home/abhijit/pyproject_ws/install/ur_controllers/lib:/home/abhijit/pyproject_ws/install/ur_dashboard_msgs/lib:${LD_LIBRARY_PATH} PYTHONPATH=/home/abhijit/pyproject_ws/install/ur_dashboard_msgs/local/lib/python3.10/dist-packages:${PYTHONPATH} /usr/bin/cmake --build /home/abhijit/pyproject_ws/build/ur_robot_driver -- -j32 -l32
[1.344s] [  5%] [32mBuilding CXX object CMakeFiles/dashboard_client.dir/src/dashboard_client_ros.cpp.o[0m
[1.345s] [ 10%] [32mBuilding CXX object CMakeFiles/dashboard_client.dir/src/dashboard_client_node.cpp.o[0m
[1.345s] [ 15%] [32mBuilding CXX object CMakeFiles/dashboard_client.dir/src/urcl_log_handler.cpp.o[0m
[1.346s] [ 25%] [32mBuilding CXX object CMakeFiles/controller_stopper_node.dir/src/controller_stopper.cpp.o[0m
[1.346s] [ 30%] [32mBuilding CXX object CMakeFiles/robot_state_helper.dir/src/urcl_log_handler.cpp.o[0m
[1.346s] [ 30%] [32mBuilding CXX object CMakeFiles/ur_robot_driver_plugin.dir/src/dashboard_client_ros.cpp.o[0m
[1.347s] [ 35%] [32mBuilding CXX object CMakeFiles/robot_state_helper.dir/src/robot_state_helper.cpp.o[0m
[1.347s] [ 40%] [32mBuilding CXX object CMakeFiles/robot_state_helper.dir/src/robot_state_helper_node.cpp.o[0m
[1.348s] [ 45%] [32mBuilding CXX object CMakeFiles/ur_robot_driver_plugin.dir/src/hardware_interface.cpp.o[0m
[1.348s] [ 50%] [32mBuilding CXX object CMakeFiles/ur_robot_driver_plugin.dir/src/urcl_log_handler.cpp.o[0m
[1.348s] [ 60%] [32mBuilding CXX object CMakeFiles/controller_stopper_node.dir/src/controller_stopper_node.cpp.o[0m
[1.348s] [ 60%] [32mBuilding CXX object CMakeFiles/ur_robot_driver_plugin.dir/src/robot_state_helper.cpp.o[0m
[1.348s] [ 65%] [32mBuilding CXX object CMakeFiles/urscript_interface.dir/src/urscript_interface.cpp.o[0m
[1.349s] [ 70%] [32mBuilding CXX object CMakeFiles/ur_ros2_control_node.dir/src/ur_ros2_control_node.cpp.o[0m
[1.359s] [ 70%] Built target ament_cmake_python_copy_ur_robot_driver
[1.505s] running egg_info
[1.505s] creating ur_robot_driver.egg-info
[1.505s] writing ur_robot_driver.egg-info/PKG-INFO
[1.505s] writing dependency_links to ur_robot_driver.egg-info/dependency_links.txt
[1.505s] writing top-level names to ur_robot_driver.egg-info/top_level.txt
[1.505s] writing manifest file 'ur_robot_driver.egg-info/SOURCES.txt'
[1.506s] reading manifest file 'ur_robot_driver.egg-info/SOURCES.txt'
[1.507s] writing manifest file 'ur_robot_driver.egg-info/SOURCES.txt'
[1.525s] [ 70%] Built target ament_cmake_python_build_ur_robot_driver_egg
[4.956s] [ 75%] [32m[1mLinking CXX executable ur_ros2_control_node[0m
[5.078s] [ 75%] Built target ur_ros2_control_node
[9.410s] [ 80%] [32m[1mLinking CXX executable urscript_interface[0m
[9.597s] [ 80%] Built target urscript_interface
[11.091s] [ 85%] [32m[1mLinking CXX executable controller_stopper_node[0m
[11.301s] [ 85%] Built target controller_stopper_node
[12.865s] [ 90%] [32m[1mLinking CXX executable dashboard_client[0m
[13.072s] [ 90%] Built target dashboard_client
[17.206s] [ 95%] [32m[1mLinking CXX executable robot_state_helper[0m
[17.497s] [ 95%] Built target robot_state_helper
[17.875s] [100%] [32m[1mLinking CXX shared library libur_robot_driver_plugin.so[0m
[18.289s] [100%] Built target ur_robot_driver_plugin
[18.298s] Invoked command in '/home/abhijit/pyproject_ws/build/ur_robot_driver' returned '0': AMENT_PREFIX_PATH=/home/abhijit/pyproject_ws/install/ur_controllers:/home/abhijit/pyproject_ws/install/ur_dashboard_msgs:${AMENT_PREFIX_PATH} CMAKE_PREFIX_PATH=/home/abhijit/pyproject_ws/install/ur_controllers:/home/abhijit/pyproject_ws/install/ur_description:/home/abhijit/pyproject_ws/install/ur_dashboard_msgs:/home/abhijit/pyproject_ws/install/ur_simulation_gazebo:/opt/ros/humble LD_LIBRARY_PATH=/home/abhijit/pyproject_ws/install/ur_controllers/lib:/home/abhijit/pyproject_ws/install/ur_dashboard_msgs/lib:${LD_LIBRARY_PATH} PYTHONPATH=/home/abhijit/pyproject_ws/install/ur_dashboard_msgs/local/lib/python3.10/dist-packages:${PYTHONPATH} /usr/bin/cmake --build /home/abhijit/pyproject_ws/build/ur_robot_driver -- -j32 -l32
[18.299s] Invoking command in '/home/abhijit/pyproject_ws/build/ur_robot_driver': AMENT_PREFIX_PATH=/home/abhijit/pyproject_ws/install/ur_controllers:/home/abhijit/pyproject_ws/install/ur_dashboard_msgs:${AMENT_PREFIX_PATH} CMAKE_PREFIX_PATH=/home/abhijit/pyproject_ws/install/ur_controllers:/home/abhijit/pyproject_ws/install/ur_description:/home/abhijit/pyproject_ws/install/ur_dashboard_msgs:/home/abhijit/pyproject_ws/install/ur_simulation_gazebo:/opt/ros/humble LD_LIBRARY_PATH=/home/abhijit/pyproject_ws/install/ur_controllers/lib:/home/abhijit/pyproject_ws/install/ur_dashboard_msgs/lib:${LD_LIBRARY_PATH} PYTHONPATH=/home/abhijit/pyproject_ws/install/ur_dashboard_msgs/local/lib/python3.10/dist-packages:${PYTHONPATH} /usr/bin/cmake --install /home/abhijit/pyproject_ws/build/ur_robot_driver
[18.303s] -- Install configuration: "RelWithDebInfo"
[18.303s] -- Installing: /home/abhijit/pyproject_ws/install/ur_robot_driver/share/ur_robot_driver/hardware_interface_plugin.xml
[18.303s] -- Installing: /home/abhijit/pyproject_ws/install/ur_robot_driver/lib/ur_robot_driver/dashboard_client
[18.313s] -- Set runtime path of "/home/abhijit/pyproject_ws/install/ur_robot_driver/lib/ur_robot_driver/dashboard_client" to ""
[18.313s] -- Installing: /home/abhijit/pyproject_ws/install/ur_robot_driver/lib/ur_robot_driver/ur_ros2_control_node
[18.314s] -- Set runtime path of "/home/abhijit/pyproject_ws/install/ur_robot_driver/lib/ur_robot_driver/ur_ros2_control_node" to ""
[18.314s] -- Installing: /home/abhijit/pyproject_ws/install/ur_robot_driver/lib/ur_robot_driver/controller_stopper_node
[18.320s] -- Set runtime path of "/home/abhijit/pyproject_ws/install/ur_robot_driver/lib/ur_robot_driver/controller_stopper_node" to ""
[18.320s] -- Installing: /home/abhijit/pyproject_ws/install/ur_robot_driver/lib/ur_robot_driver/urscript_interface
[18.324s] -- Set runtime path of "/home/abhijit/pyproject_ws/install/ur_robot_driver/lib/ur_robot_driver/urscript_interface" to ""
[18.324s] -- Installing: /home/abhijit/pyproject_ws/install/ur_robot_driver/lib/ur_robot_driver/robot_state_helper
[18.334s] -- Set runtime path of "/home/abhijit/pyproject_ws/install/ur_robot_driver/lib/ur_robot_driver/robot_state_helper" to ""
[18.334s] -- Installing: /home/abhijit/pyproject_ws/install/ur_robot_driver/lib/libur_robot_driver_plugin.so
[18.352s] -- Set runtime path of "/home/abhijit/pyproject_ws/install/ur_robot_driver/lib/libur_robot_driver_plugin.so" to ""
[18.352s] -- Installing: /home/abhijit/pyproject_ws/install/ur_robot_driver/include
[18.352s] -- Installing: /home/abhijit/pyproject_ws/install/ur_robot_driver/include/ur_robot_driver
[18.352s] -- Installing: /home/abhijit/pyproject_ws/install/ur_robot_driver/include/ur_robot_driver/controller_stopper.hpp
[18.352s] -- Installing: /home/abhijit/pyproject_ws/install/ur_robot_driver/include/ur_robot_driver/robot_state_helper.hpp
[18.352s] -- Installing: /home/abhijit/pyproject_ws/install/ur_robot_driver/include/ur_robot_driver/urcl_log_handler.hpp
[18.352s] -- Installing: /home/abhijit/pyproject_ws/install/ur_robot_driver/include/ur_robot_driver/dashboard_client_ros.hpp
[18.352s] -- Installing: /home/abhijit/pyproject_ws/install/ur_robot_driver/include/ur_robot_driver/hardware_interface.hpp
[18.352s] -- Installing: /home/abhijit/pyproject_ws/install/ur_robot_driver/share/ur_robot_driver/environment/library_path.sh
[18.352s] -- Installing: /home/abhijit/pyproject_ws/install/ur_robot_driver/share/ur_robot_driver/environment/library_path.dsv
[18.352s] -- Installing: /home/abhijit/pyproject_ws/install/ur_robot_driver/share/ur_robot_driver/resources
[18.352s] -- Installing: /home/abhijit/pyproject_ws/install/ur_robot_driver/share/ur_robot_driver/resources/rs485-1.0.urcap
[18.352s] -- Installing: /home/abhijit/pyproject_ws/install/ur_robot_driver/share/ur_robot_driver/resources/rtde_output_recipe.txt
[18.352s] -- Installing: /home/abhijit/pyproject_ws/install/ur_robot_driver/share/ur_robot_driver/resources/ros_control.urscript
[18.352s] -- Installing: /home/abhijit/pyproject_ws/install/ur_robot_driver/share/ur_robot_driver/resources/externalcontrol-1.0.5.urcap
[18.352s] -- Installing: /home/abhijit/pyproject_ws/install/ur_robot_driver/share/ur_robot_driver/resources/rtde_input_recipe.txt
[18.352s] -- Up-to-date: /home/abhijit/pyproject_ws/install/ur_robot_driver/include
[18.352s] -- Up-to-date: /home/abhijit/pyproject_ws/install/ur_robot_driver/include/ur_robot_driver
[18.352s] -- Up-to-date: /home/abhijit/pyproject_ws/install/ur_robot_driver/include/ur_robot_driver/controller_stopper.hpp
[18.352s] -- Up-to-date: /home/abhijit/pyproject_ws/install/ur_robot_driver/include/ur_robot_driver/robot_state_helper.hpp
[18.352s] -- Up-to-date: /home/abhijit/pyproject_ws/install/ur_robot_driver/include/ur_robot_driver/urcl_log_handler.hpp
[18.352s] -- Up-to-date: /home/abhijit/pyproject_ws/install/ur_robot_driver/include/ur_robot_driver/dashboard_client_ros.hpp
[18.352s] -- Up-to-date: /home/abhijit/pyproject_ws/install/ur_robot_driver/include/ur_robot_driver/hardware_interface.hpp
[18.352s] -- Installing: /home/abhijit/pyproject_ws/install/ur_robot_driver/share/ur_robot_driver/environment/pythonpath.sh
[18.352s] -- Installing: /home/abhijit/pyproject_ws/install/ur_robot_driver/share/ur_robot_driver/environment/pythonpath.dsv
[18.352s] -- Installing: /home/abhijit/pyproject_ws/install/ur_robot_driver/local/lib/python3.10/dist-packages/ur_robot_driver-2.7.0-py3.10.egg-info
[18.352s] -- Installing: /home/abhijit/pyproject_ws/install/ur_robot_driver/local/lib/python3.10/dist-packages/ur_robot_driver-2.7.0-py3.10.egg-info/dependency_links.txt
[18.353s] -- Installing: /home/abhijit/pyproject_ws/install/ur_robot_driver/local/lib/python3.10/dist-packages/ur_robot_driver-2.7.0-py3.10.egg-info/PKG-INFO
[18.353s] -- Installing: /home/abhijit/pyproject_ws/install/ur_robot_driver/local/lib/python3.10/dist-packages/ur_robot_driver-2.7.0-py3.10.egg-info/top_level.txt
[18.353s] -- Installing: /home/abhijit/pyproject_ws/install/ur_robot_driver/local/lib/python3.10/dist-packages/ur_robot_driver-2.7.0-py3.10.egg-info/SOURCES.txt
[18.353s] -- Installing: /home/abhijit/pyproject_ws/install/ur_robot_driver/local/lib/python3.10/dist-packages/ur_robot_driver
[18.353s] -- Installing: /home/abhijit/pyproject_ws/install/ur_robot_driver/local/lib/python3.10/dist-packages/ur_robot_driver/__init__.py
[18.369s] Listing '/home/abhijit/pyproject_ws/install/ur_robot_driver/local/lib/python3.10/dist-packages/ur_robot_driver'...
[18.369s] Compiling '/home/abhijit/pyproject_ws/install/ur_robot_driver/local/lib/python3.10/dist-packages/ur_robot_driver/__init__.py'...
[18.371s] -- Installing: /home/abhijit/pyproject_ws/install/ur_robot_driver/lib/ur_robot_driver/tool_communication.py
[18.371s] -- Installing: /home/abhijit/pyproject_ws/install/ur_robot_driver/lib/ur_robot_driver/example_move.py
[18.371s] -- Installing: /home/abhijit/pyproject_ws/install/ur_robot_driver/lib/ur_robot_driver/start_ursim.sh
[18.371s] -- Installing: /home/abhijit/pyproject_ws/install/ur_robot_driver/lib/ur_robot_driver/examples.py
[18.371s] -- Installing: /home/abhijit/pyproject_ws/install/ur_robot_driver/lib/ur_robot_driver/force_mode.py
[18.371s] -- Installing: /home/abhijit/pyproject_ws/install/ur_robot_driver/bin/wait_dashboard_server.sh
[18.371s] -- Up-to-date: /home/abhijit/pyproject_ws/install/ur_robot_driver/lib/ur_robot_driver/start_ursim.sh
[18.371s] -- Installing: /home/abhijit/pyproject_ws/install/ur_robot_driver/share/ur_robot_driver/config
[18.371s] -- Installing: /home/abhijit/pyproject_ws/install/ur_robot_driver/share/ur_robot_driver/config/ur16e_update_rate.yaml
[18.371s] -- Installing: /home/abhijit/pyproject_ws/install/ur_robot_driver/share/ur_robot_driver/config/ur_controllers.yaml
[18.371s] -- Installing: /home/abhijit/pyproject_ws/install/ur_robot_driver/share/ur_robot_driver/config/test_goal_publishers_config.yaml
[18.371s] -- Installing: /home/abhijit/pyproject_ws/install/ur_robot_driver/share/ur_robot_driver/config/ur10_update_rate.yaml
[18.371s] -- Installing: /home/abhijit/pyproject_ws/install/ur_robot_driver/share/ur_robot_driver/config/ur20_update_rate.yaml
[18.371s] -- Installing: /home/abhijit/pyproject_ws/install/ur_robot_driver/share/ur_robot_driver/config/ur3e_update_rate.yaml
[18.371s] -- Installing: /home/abhijit/pyproject_ws/install/ur_robot_driver/share/ur_robot_driver/config/ur3_update_rate.yaml
[18.371s] -- Installing: /home/abhijit/pyproject_ws/install/ur_robot_driver/share/ur_robot_driver/config/ur5_update_rate.yaml
[18.371s] -- Installing: /home/abhijit/pyproject_ws/install/ur_robot_driver/share/ur_robot_driver/config/ur10e_update_rate.yaml
[18.372s] -- Installing: /home/abhijit/pyproject_ws/install/ur_robot_driver/share/ur_robot_driver/config/ur5e_update_rate.yaml
[18.372s] -- Installing: /home/abhijit/pyproject_ws/install/ur_robot_driver/share/ur_robot_driver/config/test_velocity_goal_publishers_config.yaml
[18.372s] -- Installing: /home/abhijit/pyproject_ws/install/ur_robot_driver/share/ur_robot_driver/config/ur30_update_rate.yaml
[18.372s] -- Installing: /home/abhijit/pyproject_ws/install/ur_robot_driver/share/ur_robot_driver/launch
[18.372s] -- Installing: /home/abhijit/pyproject_ws/install/ur_robot_driver/share/ur_robot_driver/launch/ur16e.launch.py
[18.372s] -- Installing: /home/abhijit/pyproject_ws/install/ur_robot_driver/share/ur_robot_driver/launch/ur_control.launch.py
[18.372s] -- Installing: /home/abhijit/pyproject_ws/install/ur_robot_driver/share/ur_robot_driver/launch/ur5e.launch.py
[18.372s] -- Installing: /home/abhijit/pyproject_ws/install/ur_robot_driver/share/ur_robot_driver/launch/ur3.launch.py
[18.372s] -- Installing: /home/abhijit/pyproject_ws/install/ur_robot_driver/share/ur_robot_driver/launch/test_scaled_joint_trajectory_controller.launch.py
[18.372s] -- Installing: /home/abhijit/pyproject_ws/install/ur_robot_driver/share/ur_robot_driver/launch/ur10.launch.py
[18.372s] -- Installing: /home/abhijit/pyproject_ws/install/ur_robot_driver/share/ur_robot_driver/launch/ur3e.launch.py
[18.372s] -- Installing: /home/abhijit/pyproject_ws/install/ur_robot_driver/share/ur_robot_driver/launch/ur10e.launch.py
[18.372s] -- Installing: /home/abhijit/pyproject_ws/install/ur_robot_driver/share/ur_robot_driver/launch/test_forward_velocity_controller.launch.py
[18.372s] -- Installing: /home/abhijit/pyproject_ws/install/ur_robot_driver/share/ur_robot_driver/launch/ur12e.launch.py
[18.372s] -- Installing: /home/abhijit/pyproject_ws/install/ur_robot_driver/share/ur_robot_driver/launch/test_joint_trajectory_controller.launch.py
[18.372s] -- Installing: /home/abhijit/pyproject_ws/install/ur_robot_driver/share/ur_robot_driver/launch/ur30.launch.py
[18.372s] -- Installing: /home/abhijit/pyproject_ws/install/ur_robot_driver/share/ur_robot_driver/launch/ur5.launch.py
[18.372s] -- Installing: /home/abhijit/pyproject_ws/install/ur_robot_driver/share/ur_robot_driver/launch/ur20.launch.py
[18.372s] -- Installing: /home/abhijit/pyproject_ws/install/ur_robot_driver/share/ur_robot_driver/launch/ur_dashboard_client.launch.py
[18.372s] -- Installing: /home/abhijit/pyproject_ws/install/ur_robot_driver/share/ur_robot_driver/launch/ur7e.launch.py
[18.372s] -- Installing: /home/abhijit/pyproject_ws/install/ur_robot_driver/share/ament_index/resource_index/package_run_dependencies/ur_robot_driver
[18.372s] -- Installing: /home/abhijit/pyproject_ws/install/ur_robot_driver/share/ament_index/resource_index/parent_prefix_path/ur_robot_driver
[18.372s] -- Installing: /home/abhijit/pyproject_ws/install/ur_robot_driver/share/ur_robot_driver/environment/ament_prefix_path.sh
[18.372s] -- Installing: /home/abhijit/pyproject_ws/install/ur_robot_driver/share/ur_robot_driver/environment/ament_prefix_path.dsv
[18.372s] -- Installing: /home/abhijit/pyproject_ws/install/ur_robot_driver/share/ur_robot_driver/environment/path.sh
[18.372s] -- Installing: /home/abhijit/pyproject_ws/install/ur_robot_driver/share/ur_robot_driver/environment/path.dsv
[18.372s] -- Installing: /home/abhijit/pyproject_ws/install/ur_robot_driver/share/ur_robot_driver/local_setup.bash
[18.372s] -- Installing: /home/abhijit/pyproject_ws/install/ur_robot_driver/share/ur_robot_driver/local_setup.sh
[18.373s] -- Installing: /home/abhijit/pyproject_ws/install/ur_robot_driver/share/ur_robot_driver/local_setup.zsh
[18.373s] -- Installing: /home/abhijit/pyproject_ws/install/ur_robot_driver/share/ur_robot_driver/local_setup.dsv
[18.373s] -- Installing: /home/abhijit/pyproject_ws/install/ur_robot_driver/share/ur_robot_driver/package.dsv
[18.373s] -- Installing: /home/abhijit/pyproject_ws/install/ur_robot_driver/share/ament_index/resource_index/packages/ur_robot_driver
[18.373s] -- Installing: /home/abhijit/pyproject_ws/install/ur_robot_driver/share/ament_index/resource_index/hardware_interface__pluginlib__plugin/ur_robot_driver
[18.373s] -- Installing: /home/abhijit/pyproject_ws/install/ur_robot_driver/share/ur_robot_driver/cmake/ament_cmake_export_include_directories-extras.cmake
[18.373s] -- Installing: /home/abhijit/pyproject_ws/install/ur_robot_driver/share/ur_robot_driver/cmake/ament_cmake_export_libraries-extras.cmake
[18.373s] -- Installing: /home/abhijit/pyproject_ws/install/ur_robot_driver/share/ur_robot_driver/cmake/ament_cmake_export_dependencies-extras.cmake
[18.373s] -- Installing: /home/abhijit/pyproject_ws/install/ur_robot_driver/share/ur_robot_driver/cmake/ur_robot_driverConfig.cmake
[18.373s] -- Installing: /home/abhijit/pyproject_ws/install/ur_robot_driver/share/ur_robot_driver/cmake/ur_robot_driverConfig-version.cmake
[18.373s] -- Installing: /home/abhijit/pyproject_ws/install/ur_robot_driver/share/ur_robot_driver/package.xml
[18.374s] Invoked command in '/home/abhijit/pyproject_ws/build/ur_robot_driver' returned '0': AMENT_PREFIX_PATH=/home/abhijit/pyproject_ws/install/ur_controllers:/home/abhijit/pyproject_ws/install/ur_dashboard_msgs:${AMENT_PREFIX_PATH} CMAKE_PREFIX_PATH=/home/abhijit/pyproject_ws/install/ur_controllers:/home/abhijit/pyproject_ws/install/ur_description:/home/abhijit/pyproject_ws/install/ur_dashboard_msgs:/home/abhijit/pyproject_ws/install/ur_simulation_gazebo:/opt/ros/humble LD_LIBRARY_PATH=/home/abhijit/pyproject_ws/install/ur_controllers/lib:/home/abhijit/pyproject_ws/install/ur_dashboard_msgs/lib:${LD_LIBRARY_PATH} PYTHONPATH=/home/abhijit/pyproject_ws/install/ur_dashboard_msgs/local/lib/python3.10/dist-packages:${PYTHONPATH} /usr/bin/cmake --install /home/abhijit/pyproject_ws/build/ur_robot_driver
