[0.004s] Invoking command in '/home/abhijit/pyproject_ws/build/ur_moveit_config': AMENT_PREFIX_PATH=/home/abhijit/pyproject_ws/install/ur_description:${AMENT_PREFIX_PATH} CMAKE_PREFIX_PATH=/home/abhijit/pyproject_ws/install/ur_description:/opt/ros/humble /usr/bin/cmake --build /home/abhijit/pyproject_ws/build/ur_moveit_config -- -j32 -l32
[0.038s] Built target ament_cmake_python_copy_ur_moveit_config
[0.158s] running egg_info
[0.158s] writing ur_moveit_config.egg-info/PKG-INFO
[0.159s] writing dependency_links to ur_moveit_config.egg-info/dependency_links.txt
[0.159s] writing top-level names to ur_moveit_config.egg-info/top_level.txt
[0.160s] reading manifest file 'ur_moveit_config.egg-info/SOURCES.txt'
[0.160s] writing manifest file 'ur_moveit_config.egg-info/SOURCES.txt'
[0.175s] Built target ament_cmake_python_build_ur_moveit_config_egg
[0.181s] Invoked command in '/home/abhijit/pyproject_ws/build/ur_moveit_config' returned '0': AMENT_PREFIX_PATH=/home/abhijit/pyproject_ws/install/ur_description:${AMENT_PREFIX_PATH} CMAKE_PREFIX_PATH=/home/abhijit/pyproject_ws/install/ur_description:/opt/ros/humble /usr/bin/cmake --build /home/abhijit/pyproject_ws/build/ur_moveit_config -- -j32 -l32
[0.183s] Invoking command in '/home/abhijit/pyproject_ws/build/ur_moveit_config': AMENT_PREFIX_PATH=/home/abhijit/pyproject_ws/install/ur_description:${AMENT_PREFIX_PATH} CMAKE_PREFIX_PATH=/home/abhijit/pyproject_ws/install/ur_description:/opt/ros/humble /usr/bin/cmake --install /home/abhijit/pyproject_ws/build/ur_moveit_config
[0.186s] -- Install configuration: ""
[0.186s] -- Up-to-date: /home/abhijit/pyproject_ws/install/ur_moveit_config/share/ur_moveit_config/config
[0.186s] -- Up-to-date: /home/abhijit/pyproject_ws/install/ur_moveit_config/share/ur_moveit_config/config/ompl_planning.yaml
[0.187s] -- Up-to-date: /home/abhijit/pyproject_ws/install/ur_moveit_config/share/ur_moveit_config/config/kinematics.yaml
[0.187s] -- Up-to-date: /home/abhijit/pyproject_ws/install/ur_moveit_config/share/ur_moveit_config/config/controllers.yaml
[0.187s] -- Up-to-date: /home/abhijit/pyproject_ws/install/ur_moveit_config/share/ur_moveit_config/config/joint_limits.yaml
[0.187s] -- Up-to-date: /home/abhijit/pyproject_ws/install/ur_moveit_config/share/ur_moveit_config/config/ur_servo.yaml
[0.187s] -- Up-to-date: /home/abhijit/pyproject_ws/install/ur_moveit_config/share/ur_moveit_config/launch
[0.187s] -- Up-to-date: /home/abhijit/pyproject_ws/install/ur_moveit_config/share/ur_moveit_config/launch/ur_moveit.launch.py
[0.187s] -- Up-to-date: /home/abhijit/pyproject_ws/install/ur_moveit_config/share/ur_moveit_config/rviz
[0.187s] -- Up-to-date: /home/abhijit/pyproject_ws/install/ur_moveit_config/share/ur_moveit_config/rviz/view_robot.rviz
[0.187s] -- Up-to-date: /home/abhijit/pyproject_ws/install/ur_moveit_config/share/ur_moveit_config/srdf
[0.187s] -- Up-to-date: /home/abhijit/pyproject_ws/install/ur_moveit_config/share/ur_moveit_config/srdf/ur_macro.srdf.xacro
[0.187s] -- Up-to-date: /home/abhijit/pyproject_ws/install/ur_moveit_config/share/ur_moveit_config/srdf/ur.srdf.xacro
[0.187s] -- Up-to-date: /home/abhijit/pyproject_ws/install/ur_moveit_config/share/ur_moveit_config/environment/pythonpath.sh
[0.187s] -- Up-to-date: /home/abhijit/pyproject_ws/install/ur_moveit_config/share/ur_moveit_config/environment/pythonpath.dsv
[0.187s] -- Up-to-date: /home/abhijit/pyproject_ws/install/ur_moveit_config/local/lib/python3.10/dist-packages/ur_moveit_config-2.7.0-py3.10.egg-info
[0.187s] -- Installing: /home/abhijit/pyproject_ws/install/ur_moveit_config/local/lib/python3.10/dist-packages/ur_moveit_config-2.7.0-py3.10.egg-info/dependency_links.txt
[0.187s] -- Installing: /home/abhijit/pyproject_ws/install/ur_moveit_config/local/lib/python3.10/dist-packages/ur_moveit_config-2.7.0-py3.10.egg-info/PKG-INFO
[0.187s] -- Installing: /home/abhijit/pyproject_ws/install/ur_moveit_config/local/lib/python3.10/dist-packages/ur_moveit_config-2.7.0-py3.10.egg-info/top_level.txt
[0.187s] -- Installing: /home/abhijit/pyproject_ws/install/ur_moveit_config/local/lib/python3.10/dist-packages/ur_moveit_config-2.7.0-py3.10.egg-info/SOURCES.txt
[0.187s] -- Up-to-date: /home/abhijit/pyproject_ws/install/ur_moveit_config/local/lib/python3.10/dist-packages/ur_moveit_config
[0.187s] -- Up-to-date: /home/abhijit/pyproject_ws/install/ur_moveit_config/local/lib/python3.10/dist-packages/ur_moveit_config/__init__.py
[0.187s] -- Up-to-date: /home/abhijit/pyproject_ws/install/ur_moveit_config/local/lib/python3.10/dist-packages/ur_moveit_config/launch_common.py
[0.205s] Listing '/home/abhijit/pyproject_ws/install/ur_moveit_config/local/lib/python3.10/dist-packages/ur_moveit_config'...
[0.207s] -- Up-to-date: /home/abhijit/pyproject_ws/install/ur_moveit_config/local/lib/python3.10/dist-packages/launch_common.py
[0.227s] -- Up-to-date: /home/abhijit/pyproject_ws/install/ur_moveit_config/share/ament_index/resource_index/package_run_dependencies/ur_moveit_config
[0.227s] -- Up-to-date: /home/abhijit/pyproject_ws/install/ur_moveit_config/share/ament_index/resource_index/parent_prefix_path/ur_moveit_config
[0.227s] -- Up-to-date: /home/abhijit/pyproject_ws/install/ur_moveit_config/share/ur_moveit_config/environment/ament_prefix_path.sh
[0.227s] -- Up-to-date: /home/abhijit/pyproject_ws/install/ur_moveit_config/share/ur_moveit_config/environment/ament_prefix_path.dsv
[0.227s] -- Up-to-date: /home/abhijit/pyproject_ws/install/ur_moveit_config/share/ur_moveit_config/environment/path.sh
[0.227s] -- Up-to-date: /home/abhijit/pyproject_ws/install/ur_moveit_config/share/ur_moveit_config/environment/path.dsv
[0.227s] -- Up-to-date: /home/abhijit/pyproject_ws/install/ur_moveit_config/share/ur_moveit_config/local_setup.bash
[0.227s] -- Up-to-date: /home/abhijit/pyproject_ws/install/ur_moveit_config/share/ur_moveit_config/local_setup.sh
[0.227s] -- Up-to-date: /home/abhijit/pyproject_ws/install/ur_moveit_config/share/ur_moveit_config/local_setup.zsh
[0.227s] -- Up-to-date: /home/abhijit/pyproject_ws/install/ur_moveit_config/share/ur_moveit_config/local_setup.dsv
[0.227s] -- Up-to-date: /home/abhijit/pyproject_ws/install/ur_moveit_config/share/ur_moveit_config/package.dsv
[0.227s] -- Up-to-date: /home/abhijit/pyproject_ws/install/ur_moveit_config/share/ament_index/resource_index/packages/ur_moveit_config
[0.227s] -- Up-to-date: /home/abhijit/pyproject_ws/install/ur_moveit_config/share/ur_moveit_config/cmake/ur_moveit_configConfig.cmake
[0.228s] -- Up-to-date: /home/abhijit/pyproject_ws/install/ur_moveit_config/share/ur_moveit_config/cmake/ur_moveit_configConfig-version.cmake
[0.228s] -- Up-to-date: /home/abhijit/pyproject_ws/install/ur_moveit_config/share/ur_moveit_config/package.xml
[0.229s] Invoked command in '/home/abhijit/pyproject_ws/build/ur_moveit_config' returned '0': AMENT_PREFIX_PATH=/home/abhijit/pyproject_ws/install/ur_description:${AMENT_PREFIX_PATH} CMAKE_PREFIX_PATH=/home/abhijit/pyproject_ws/install/ur_description:/opt/ros/humble /usr/bin/cmake --install /home/abhijit/pyproject_ws/build/ur_moveit_config
