[0.015s] Invoking command in '/home/abhijit/pyproject_ws/build/ur': AMENT_PREFIX_PATH=/home/abhijit/pyproject_ws/install/ur_calibration:/home/abhijit/pyproject_ws/install/ur_robot_driver:/home/abhijit/pyproject_ws/install/ur_moveit_config:/home/abhijit/pyproject_ws/install/ur_controllers:/home/abhijit/pyproject_ws/install/ur_dashboard_msgs:${AMENT_PREFIX_PATH} CMAKE_PREFIX_PATH=/home/abhijit/pyproject_ws/install/ur_calibration:/home/abhijit/pyproject_ws/install/ur_robot_driver:/home/abhijit/pyproject_ws/install/ur_moveit_config:/home/abhijit/pyproject_ws/install/ur_controllers:/home/abhijit/pyproject_ws/install/ur_description:/home/abhijit/pyproject_ws/install/ur_dashboard_msgs:/home/abhijit/pyproject_ws/install/ur_simulation_gazebo:/opt/ros/humble LD_LIBRARY_PATH=/home/abhijit/pyproject_ws/install/ur_robot_driver/lib:/home/abhijit/pyproject_ws/install/ur_controllers/lib:/home/abhijit/pyproject_ws/install/ur_dashboard_msgs/lib:${LD_LIBRARY_PATH} PATH=/home/abhijit/pyproject_ws/install/ur_robot_driver/bin:${PATH} PYTHONPATH=/home/abhijit/pyproject_ws/install/ur_robot_driver/local/lib/python3.10/dist-packages:/home/abhijit/pyproject_ws/install/ur_moveit_config/local/lib/python3.10/dist-packages:/home/abhijit/pyproject_ws/install/ur_dashboard_msgs/local/lib/python3.10/dist-packages:${PYTHONPATH} /usr/bin/cmake /home/abhijit/pyproject_ws/src/Universal_Robots_ROS2_Driver/ur -DCMAKE_INSTALL_PREFIX=/home/abhijit/pyproject_ws/install/ur
[0.086s] -- The C compiler identification is GNU 11.4.0
[0.143s] -- The CXX compiler identification is GNU 11.4.0
[0.147s] -- Detecting C compiler ABI info
[0.228s] -- Detecting C compiler ABI info - done
[0.236s] -- Check for working C compiler: /usr/bin/cc - skipped
[0.237s] -- Detecting C compile features
[0.237s] -- Detecting C compile features - done
[0.239s] -- Detecting CXX compiler ABI info
[0.319s] -- Detecting CXX compiler ABI info - done
[0.327s] -- Check for working CXX compiler: /usr/bin/c++ - skipped
[0.327s] -- Detecting CXX compile features
[0.328s] -- Detecting CXX compile features - done
[0.330s] -- Found ament_cmake: 1.3.11 (/opt/ros/humble/share/ament_cmake/cmake)
[0.439s] -- Found Python3: /usr/bin/python3 (found version "3.10.12") found components: Interpreter 
[0.502s] -- Found ament_lint_auto: 0.12.12 (/opt/ros/humble/share/ament_lint_auto/cmake)
[0.547s] -- Added test 'lint_cmake' to check CMake code style
[0.547s] -- Added test 'xmllint' to check XML markup files
[0.548s] -- Configuring done
[0.549s] -- Generating done
[0.550s] -- Build files have been written to: /home/abhijit/pyproject_ws/build/ur
[0.553s] Invoked command in '/home/abhijit/pyproject_ws/build/ur' returned '0': AMENT_PREFIX_PATH=/home/abhijit/pyproject_ws/install/ur_calibration:/home/abhijit/pyproject_ws/install/ur_robot_driver:/home/abhijit/pyproject_ws/install/ur_moveit_config:/home/abhijit/pyproject_ws/install/ur_controllers:/home/abhijit/pyproject_ws/install/ur_dashboard_msgs:${AMENT_PREFIX_PATH} CMAKE_PREFIX_PATH=/home/abhijit/pyproject_ws/install/ur_calibration:/home/abhijit/pyproject_ws/install/ur_robot_driver:/home/abhijit/pyproject_ws/install/ur_moveit_config:/home/abhijit/pyproject_ws/install/ur_controllers:/home/abhijit/pyproject_ws/install/ur_description:/home/abhijit/pyproject_ws/install/ur_dashboard_msgs:/home/abhijit/pyproject_ws/install/ur_simulation_gazebo:/opt/ros/humble LD_LIBRARY_PATH=/home/abhijit/pyproject_ws/install/ur_robot_driver/lib:/home/abhijit/pyproject_ws/install/ur_controllers/lib:/home/abhijit/pyproject_ws/install/ur_dashboard_msgs/lib:${LD_LIBRARY_PATH} PATH=/home/abhijit/pyproject_ws/install/ur_robot_driver/bin:${PATH} PYTHONPATH=/home/abhijit/pyproject_ws/install/ur_robot_driver/local/lib/python3.10/dist-packages:/home/abhijit/pyproject_ws/install/ur_moveit_config/local/lib/python3.10/dist-packages:/home/abhijit/pyproject_ws/install/ur_dashboard_msgs/local/lib/python3.10/dist-packages:${PYTHONPATH} /usr/bin/cmake /home/abhijit/pyproject_ws/src/Universal_Robots_ROS2_Driver/ur -DCMAKE_INSTALL_PREFIX=/home/abhijit/pyproject_ws/install/ur
[0.553s] Invoking command in '/home/abhijit/pyproject_ws/build/ur': AMENT_PREFIX_PATH=/home/abhijit/pyproject_ws/install/ur_calibration:/home/abhijit/pyproject_ws/install/ur_robot_driver:/home/abhijit/pyproject_ws/install/ur_moveit_config:/home/abhijit/pyproject_ws/install/ur_controllers:/home/abhijit/pyproject_ws/install/ur_dashboard_msgs:${AMENT_PREFIX_PATH} CMAKE_PREFIX_PATH=/home/abhijit/pyproject_ws/install/ur_calibration:/home/abhijit/pyproject_ws/install/ur_robot_driver:/home/abhijit/pyproject_ws/install/ur_moveit_config:/home/abhijit/pyproject_ws/install/ur_controllers:/home/abhijit/pyproject_ws/install/ur_description:/home/abhijit/pyproject_ws/install/ur_dashboard_msgs:/home/abhijit/pyproject_ws/install/ur_simulation_gazebo:/opt/ros/humble LD_LIBRARY_PATH=/home/abhijit/pyproject_ws/install/ur_robot_driver/lib:/home/abhijit/pyproject_ws/install/ur_controllers/lib:/home/abhijit/pyproject_ws/install/ur_dashboard_msgs/lib:${LD_LIBRARY_PATH} PATH=/home/abhijit/pyproject_ws/install/ur_robot_driver/bin:${PATH} PYTHONPATH=/home/abhijit/pyproject_ws/install/ur_robot_driver/local/lib/python3.10/dist-packages:/home/abhijit/pyproject_ws/install/ur_moveit_config/local/lib/python3.10/dist-packages:/home/abhijit/pyproject_ws/install/ur_dashboard_msgs/local/lib/python3.10/dist-packages:${PYTHONPATH} /usr/bin/cmake --build /home/abhijit/pyproject_ws/build/ur -- -j32 -l32
[0.590s] Invoked command in '/home/abhijit/pyproject_ws/build/ur' returned '0': AMENT_PREFIX_PATH=/home/abhijit/pyproject_ws/install/ur_calibration:/home/abhijit/pyproject_ws/install/ur_robot_driver:/home/abhijit/pyproject_ws/install/ur_moveit_config:/home/abhijit/pyproject_ws/install/ur_controllers:/home/abhijit/pyproject_ws/install/ur_dashboard_msgs:${AMENT_PREFIX_PATH} CMAKE_PREFIX_PATH=/home/abhijit/pyproject_ws/install/ur_calibration:/home/abhijit/pyproject_ws/install/ur_robot_driver:/home/abhijit/pyproject_ws/install/ur_moveit_config:/home/abhijit/pyproject_ws/install/ur_controllers:/home/abhijit/pyproject_ws/install/ur_description:/home/abhijit/pyproject_ws/install/ur_dashboard_msgs:/home/abhijit/pyproject_ws/install/ur_simulation_gazebo:/opt/ros/humble LD_LIBRARY_PATH=/home/abhijit/pyproject_ws/install/ur_robot_driver/lib:/home/abhijit/pyproject_ws/install/ur_controllers/lib:/home/abhijit/pyproject_ws/install/ur_dashboard_msgs/lib:${LD_LIBRARY_PATH} PATH=/home/abhijit/pyproject_ws/install/ur_robot_driver/bin:${PATH} PYTHONPATH=/home/abhijit/pyproject_ws/install/ur_robot_driver/local/lib/python3.10/dist-packages:/home/abhijit/pyproject_ws/install/ur_moveit_config/local/lib/python3.10/dist-packages:/home/abhijit/pyproject_ws/install/ur_dashboard_msgs/local/lib/python3.10/dist-packages:${PYTHONPATH} /usr/bin/cmake --build /home/abhijit/pyproject_ws/build/ur -- -j32 -l32
[0.591s] Invoking command in '/home/abhijit/pyproject_ws/build/ur': AMENT_PREFIX_PATH=/home/abhijit/pyproject_ws/install/ur_calibration:/home/abhijit/pyproject_ws/install/ur_robot_driver:/home/abhijit/pyproject_ws/install/ur_moveit_config:/home/abhijit/pyproject_ws/install/ur_controllers:/home/abhijit/pyproject_ws/install/ur_dashboard_msgs:${AMENT_PREFIX_PATH} CMAKE_PREFIX_PATH=/home/abhijit/pyproject_ws/install/ur_calibration:/home/abhijit/pyproject_ws/install/ur_robot_driver:/home/abhijit/pyproject_ws/install/ur_moveit_config:/home/abhijit/pyproject_ws/install/ur_controllers:/home/abhijit/pyproject_ws/install/ur_description:/home/abhijit/pyproject_ws/install/ur_dashboard_msgs:/home/abhijit/pyproject_ws/install/ur_simulation_gazebo:/opt/ros/humble LD_LIBRARY_PATH=/home/abhijit/pyproject_ws/install/ur_robot_driver/lib:/home/abhijit/pyproject_ws/install/ur_controllers/lib:/home/abhijit/pyproject_ws/install/ur_dashboard_msgs/lib:${LD_LIBRARY_PATH} PATH=/home/abhijit/pyproject_ws/install/ur_robot_driver/bin:${PATH} PYTHONPATH=/home/abhijit/pyproject_ws/install/ur_robot_driver/local/lib/python3.10/dist-packages:/home/abhijit/pyproject_ws/install/ur_moveit_config/local/lib/python3.10/dist-packages:/home/abhijit/pyproject_ws/install/ur_dashboard_msgs/local/lib/python3.10/dist-packages:${PYTHONPATH} /usr/bin/cmake --install /home/abhijit/pyproject_ws/build/ur
[0.599s] -- Install configuration: ""
[0.599s] -- Installing: /home/abhijit/pyproject_ws/install/ur/share/ament_index/resource_index/package_run_dependencies/ur
[0.600s] -- Installing: /home/abhijit/pyproject_ws/install/ur/share/ament_index/resource_index/parent_prefix_path/ur
[0.600s] -- Installing: /home/abhijit/pyproject_ws/install/ur/share/ur/environment/ament_prefix_path.sh
[0.600s] -- Installing: /home/abhijit/pyproject_ws/install/ur/share/ur/environment/ament_prefix_path.dsv
[0.600s] -- Installing: /home/abhijit/pyproject_ws/install/ur/share/ur/environment/path.sh
[0.600s] -- Installing: /home/abhijit/pyproject_ws/install/ur/share/ur/environment/path.dsv
[0.600s] -- Installing: /home/abhijit/pyproject_ws/install/ur/share/ur/local_setup.bash
[0.600s] -- Installing: /home/abhijit/pyproject_ws/install/ur/share/ur/local_setup.sh
[0.600s] -- Installing: /home/abhijit/pyproject_ws/install/ur/share/ur/local_setup.zsh
[0.600s] -- Installing: /home/abhijit/pyproject_ws/install/ur/share/ur/local_setup.dsv
[0.601s] -- Installing: /home/abhijit/pyproject_ws/install/ur/share/ur/package.dsv
[0.601s] -- Installing: /home/abhijit/pyproject_ws/install/ur/share/ament_index/resource_index/packages/ur
[0.601s] -- Installing: /home/abhijit/pyproject_ws/install/ur/share/ur/cmake/urConfig.cmake
[0.601s] -- Installing: /home/abhijit/pyproject_ws/install/ur/share/ur/cmake/urConfig-version.cmake
[0.601s] -- Installing: /home/abhijit/pyproject_ws/install/ur/share/ur/package.xml
[0.603s] Invoked command in '/home/abhijit/pyproject_ws/build/ur' returned '0': AMENT_PREFIX_PATH=/home/abhijit/pyproject_ws/install/ur_calibration:/home/abhijit/pyproject_ws/install/ur_robot_driver:/home/abhijit/pyproject_ws/install/ur_moveit_config:/home/abhijit/pyproject_ws/install/ur_controllers:/home/abhijit/pyproject_ws/install/ur_dashboard_msgs:${AMENT_PREFIX_PATH} CMAKE_PREFIX_PATH=/home/abhijit/pyproject_ws/install/ur_calibration:/home/abhijit/pyproject_ws/install/ur_robot_driver:/home/abhijit/pyproject_ws/install/ur_moveit_config:/home/abhijit/pyproject_ws/install/ur_controllers:/home/abhijit/pyproject_ws/install/ur_description:/home/abhijit/pyproject_ws/install/ur_dashboard_msgs:/home/abhijit/pyproject_ws/install/ur_simulation_gazebo:/opt/ros/humble LD_LIBRARY_PATH=/home/abhijit/pyproject_ws/install/ur_robot_driver/lib:/home/abhijit/pyproject_ws/install/ur_controllers/lib:/home/abhijit/pyproject_ws/install/ur_dashboard_msgs/lib:${LD_LIBRARY_PATH} PATH=/home/abhijit/pyproject_ws/install/ur_robot_driver/bin:${PATH} PYTHONPATH=/home/abhijit/pyproject_ws/install/ur_robot_driver/local/lib/python3.10/dist-packages:/home/abhijit/pyproject_ws/install/ur_moveit_config/local/lib/python3.10/dist-packages:/home/abhijit/pyproject_ws/install/ur_dashboard_msgs/local/lib/python3.10/dist-packages:${PYTHONPATH} /usr/bin/cmake --install /home/abhijit/pyproject_ws/build/ur
