[0.014s] Invoking command in '/home/abhijit/pyproject_ws/build/ur_calibration': AMENT_PREFIX_PATH=/home/abhijit/pyproject_ws/install/ur_robot_driver:/home/abhijit/pyproject_ws/install/ur_controllers:/home/abhijit/pyproject_ws/install/ur_dashboard_msgs:${AMENT_PREFIX_PATH} CMAKE_PREFIX_PATH=/home/abhijit/pyproject_ws/install/ur_robot_driver:/home/abhijit/pyproject_ws/install/ur_controllers:/home/abhijit/pyproject_ws/install/ur_description:/home/abhijit/pyproject_ws/install/ur_dashboard_msgs:/home/abhijit/pyproject_ws/install/ur_simulation_gazebo:/opt/ros/humble LD_LIBRARY_PATH=/home/abhijit/pyproject_ws/install/ur_robot_driver/lib:/home/abhijit/pyproject_ws/install/ur_controllers/lib:/home/abhijit/pyproject_ws/install/ur_dashboard_msgs/lib:${LD_LIBRARY_PATH} PATH=/home/abhijit/pyproject_ws/install/ur_robot_driver/bin:${PATH} PYTHONPATH=/home/abhijit/pyproject_ws/install/ur_robot_driver/local/lib/python3.10/dist-packages:/home/abhijit/pyproject_ws/install/ur_dashboard_msgs/local/lib/python3.10/dist-packages:${PYTHONPATH} /usr/bin/cmake /home/abhijit/pyproject_ws/src/Universal_Robots_ROS2_Driver/ur_calibration -DCMAKE_INSTALL_PREFIX=/home/abhijit/pyproject_ws/install/ur_calibration
[0.082s] -- The C compiler identification is GNU 11.4.0
[0.127s] -- The CXX compiler identification is GNU 11.4.0
[0.131s] -- Detecting C compiler ABI info
[0.216s] -- Detecting C compiler ABI info - done
[0.225s] -- Check for working C compiler: /usr/bin/cc - skipped
[0.225s] -- Detecting C compile features
[0.226s] -- Detecting C compile features - done
[0.227s] -- Detecting CXX compiler ABI info
[0.317s] -- Detecting CXX compiler ABI info - done
[0.325s] -- Check for working CXX compiler: /usr/bin/c++ - skipped
[0.325s] -- Detecting CXX compile features
[0.325s] -- Detecting CXX compile features - done
[0.326s] [0mur_calibration: You did not request a specific build type: selecting 'RelWithDebInfo'.[0m
[0.327s] -- Found ament_cmake: 1.3.11 (/opt/ros/humble/share/ament_cmake/cmake)
[0.452s] -- Found Python3: /usr/bin/python3 (found version "3.10.12") found components: Interpreter 
[0.515s] -- Found rclcpp: 16.0.12 (/opt/ros/humble/share/rclcpp/cmake)
[0.544s] -- Found rosidl_generator_c: 3.1.6 (/opt/ros/humble/share/rosidl_generator_c/cmake)
[0.547s] -- Found rosidl_adapter: 3.1.6 (/opt/ros/humble/share/rosidl_adapter/cmake)
[0.551s] -- Found rosidl_generator_cpp: 3.1.6 (/opt/ros/humble/share/rosidl_generator_cpp/cmake)
[0.557s] -- Using all available rosidl_typesupport_c: rosidl_typesupport_fastrtps_c;rosidl_typesupport_introspection_c
[0.565s] -- Using all available rosidl_typesupport_cpp: rosidl_typesupport_fastrtps_cpp;rosidl_typesupport_introspection_cpp
[0.589s] -- Found rmw_implementation_cmake: 6.1.2 (/opt/ros/humble/share/rmw_implementation_cmake/cmake)
[0.590s] -- Found rmw_fastrtps_cpp: 6.2.7 (/opt/ros/humble/share/rmw_fastrtps_cpp/cmake)
[0.661s] -- Found OpenSSL: /usr/lib/x86_64-linux-gnu/libcrypto.so (found version "3.0.2")  
[0.685s] -- Found FastRTPS: /opt/ros/humble/include  
[0.727s] -- Using RMW implementation 'rmw_fastrtps_cpp' as default
[0.737s] -- Looking for pthread.h
[0.817s] -- Looking for pthread.h - found
[0.818s] -- Performing Test CMAKE_HAVE_LIBC_PTHREAD
[0.914s] -- Performing Test CMAKE_HAVE_LIBC_PTHREAD - Success
[0.916s] -- Found Threads: TRUE  
[0.954s] -- Found ur_robot_driver: 2.7.0 (/home/abhijit/pyproject_ws/install/ur_robot_driver/share/ur_robot_driver/cmake)
[1.079s] -- Found eigen3_cmake_module: 0.1.1 (/opt/ros/humble/share/eigen3_cmake_module/cmake)
[1.079s] -- Found Eigen3: TRUE (found version "3.4.0") 
[1.079s] -- Ensuring Eigen3 include directory is part of orocos-kdl CMake target
[1.134s] -- Found yaml_cpp_vendor: 8.0.2 (/opt/ros/humble/share/yaml_cpp_vendor/cmake)
[1.175s] -- Found ament_cmake_gmock: 1.3.11 (/opt/ros/humble/share/ament_cmake_gmock/cmake)
[1.177s] -- Found gmock sources under '/opt/ros/humble/src/gmock_vendor': C++ tests using 'Google Mock' will be built
[1.180s] -- Found ament_cmake_gtest: 1.3.11 (/opt/ros/humble/share/ament_cmake_gtest/cmake)
[1.180s] -- Found gtest sources under '/opt/ros/humble/src/gtest_vendor': C++ tests using 'Google Test' will be built
[1.214s] -- Configuring done
[1.252s] -- Generating done
[1.257s] -- Build files have been written to: /home/abhijit/pyproject_ws/build/ur_calibration
[1.264s] Invoked command in '/home/abhijit/pyproject_ws/build/ur_calibration' returned '0': AMENT_PREFIX_PATH=/home/abhijit/pyproject_ws/install/ur_robot_driver:/home/abhijit/pyproject_ws/install/ur_controllers:/home/abhijit/pyproject_ws/install/ur_dashboard_msgs:${AMENT_PREFIX_PATH} CMAKE_PREFIX_PATH=/home/abhijit/pyproject_ws/install/ur_robot_driver:/home/abhijit/pyproject_ws/install/ur_controllers:/home/abhijit/pyproject_ws/install/ur_description:/home/abhijit/pyproject_ws/install/ur_dashboard_msgs:/home/abhijit/pyproject_ws/install/ur_simulation_gazebo:/opt/ros/humble LD_LIBRARY_PATH=/home/abhijit/pyproject_ws/install/ur_robot_driver/lib:/home/abhijit/pyproject_ws/install/ur_controllers/lib:/home/abhijit/pyproject_ws/install/ur_dashboard_msgs/lib:${LD_LIBRARY_PATH} PATH=/home/abhijit/pyproject_ws/install/ur_robot_driver/bin:${PATH} PYTHONPATH=/home/abhijit/pyproject_ws/install/ur_robot_driver/local/lib/python3.10/dist-packages:/home/abhijit/pyproject_ws/install/ur_dashboard_msgs/local/lib/python3.10/dist-packages:${PYTHONPATH} /usr/bin/cmake /home/abhijit/pyproject_ws/src/Universal_Robots_ROS2_Driver/ur_calibration -DCMAKE_INSTALL_PREFIX=/home/abhijit/pyproject_ws/install/ur_calibration
[1.265s] Invoking command in '/home/abhijit/pyproject_ws/build/ur_calibration': AMENT_PREFIX_PATH=/home/abhijit/pyproject_ws/install/ur_robot_driver:/home/abhijit/pyproject_ws/install/ur_controllers:/home/abhijit/pyproject_ws/install/ur_dashboard_msgs:${AMENT_PREFIX_PATH} CMAKE_PREFIX_PATH=/home/abhijit/pyproject_ws/install/ur_robot_driver:/home/abhijit/pyproject_ws/install/ur_controllers:/home/abhijit/pyproject_ws/install/ur_description:/home/abhijit/pyproject_ws/install/ur_dashboard_msgs:/home/abhijit/pyproject_ws/install/ur_simulation_gazebo:/opt/ros/humble LD_LIBRARY_PATH=/home/abhijit/pyproject_ws/install/ur_robot_driver/lib:/home/abhijit/pyproject_ws/install/ur_controllers/lib:/home/abhijit/pyproject_ws/install/ur_dashboard_msgs/lib:${LD_LIBRARY_PATH} PATH=/home/abhijit/pyproject_ws/install/ur_robot_driver/bin:${PATH} PYTHONPATH=/home/abhijit/pyproject_ws/install/ur_robot_driver/local/lib/python3.10/dist-packages:/home/abhijit/pyproject_ws/install/ur_dashboard_msgs/local/lib/python3.10/dist-packages:${PYTHONPATH} /usr/bin/cmake --build /home/abhijit/pyproject_ws/build/ur_calibration -- -j32 -l32
[1.302s] [  8%] [32mBuilding CXX object gmock/CMakeFiles/gmock.dir/opt/ros/humble/src/gtest_vendor/src/gtest-all.cc.o[0m
[1.302s] [ 16%] [32mBuilding CXX object CMakeFiles/calibration.dir/src/calibration.cpp.o[0m
[1.302s] [ 25%] [32mBuilding CXX object CMakeFiles/calibration.dir/src/calibration_consumer.cpp.o[0m
[1.303s] [ 33%] [32mBuilding CXX object gmock/CMakeFiles/gmock_main.dir/src/gmock_main.cc.o[0m
[1.304s] [ 41%] [32mBuilding CXX object gmock/CMakeFiles/gmock.dir/src/gmock-all.cc.o[0m
[1.956s] [ 50%] [32m[1mLinking CXX static library libgmock_main.a[0m
[1.982s] [ 50%] Built target gmock_main
[5.630s] [ 58%] [32m[1mLinking CXX static library libcalibration.a[0m
[5.672s] [ 58%] Built target calibration
[5.688s] [ 66%] [32mBuilding CXX object CMakeFiles/calibration_correction.dir/src/calibration_correction.cpp.o[0m
[6.073s] [ 75%] [32m[1mLinking CXX static library libgmock.a[0m
[6.126s] [ 75%] Built target gmock
[6.140s] [ 83%] [32mBuilding CXX object CMakeFiles/calibration_test.dir/test/calibration_test.cpp.o[0m
[8.825s] [ 91%] [32m[1mLinking CXX executable calibration_correction[0m
[9.009s] [ 91%] Built target calibration_correction
[10.206s] [100%] [32m[1mLinking CXX executable calibration_test[0m
[10.390s] [100%] Built target calibration_test
[10.397s] Invoked command in '/home/abhijit/pyproject_ws/build/ur_calibration' returned '0': AMENT_PREFIX_PATH=/home/abhijit/pyproject_ws/install/ur_robot_driver:/home/abhijit/pyproject_ws/install/ur_controllers:/home/abhijit/pyproject_ws/install/ur_dashboard_msgs:${AMENT_PREFIX_PATH} CMAKE_PREFIX_PATH=/home/abhijit/pyproject_ws/install/ur_robot_driver:/home/abhijit/pyproject_ws/install/ur_controllers:/home/abhijit/pyproject_ws/install/ur_description:/home/abhijit/pyproject_ws/install/ur_dashboard_msgs:/home/abhijit/pyproject_ws/install/ur_simulation_gazebo:/opt/ros/humble LD_LIBRARY_PATH=/home/abhijit/pyproject_ws/install/ur_robot_driver/lib:/home/abhijit/pyproject_ws/install/ur_controllers/lib:/home/abhijit/pyproject_ws/install/ur_dashboard_msgs/lib:${LD_LIBRARY_PATH} PATH=/home/abhijit/pyproject_ws/install/ur_robot_driver/bin:${PATH} PYTHONPATH=/home/abhijit/pyproject_ws/install/ur_robot_driver/local/lib/python3.10/dist-packages:/home/abhijit/pyproject_ws/install/ur_dashboard_msgs/local/lib/python3.10/dist-packages:${PYTHONPATH} /usr/bin/cmake --build /home/abhijit/pyproject_ws/build/ur_calibration -- -j32 -l32
[10.397s] Invoking command in '/home/abhijit/pyproject_ws/build/ur_calibration': AMENT_PREFIX_PATH=/home/abhijit/pyproject_ws/install/ur_robot_driver:/home/abhijit/pyproject_ws/install/ur_controllers:/home/abhijit/pyproject_ws/install/ur_dashboard_msgs:${AMENT_PREFIX_PATH} CMAKE_PREFIX_PATH=/home/abhijit/pyproject_ws/install/ur_robot_driver:/home/abhijit/pyproject_ws/install/ur_controllers:/home/abhijit/pyproject_ws/install/ur_description:/home/abhijit/pyproject_ws/install/ur_dashboard_msgs:/home/abhijit/pyproject_ws/install/ur_simulation_gazebo:/opt/ros/humble LD_LIBRARY_PATH=/home/abhijit/pyproject_ws/install/ur_robot_driver/lib:/home/abhijit/pyproject_ws/install/ur_controllers/lib:/home/abhijit/pyproject_ws/install/ur_dashboard_msgs/lib:${LD_LIBRARY_PATH} PATH=/home/abhijit/pyproject_ws/install/ur_robot_driver/bin:${PATH} PYTHONPATH=/home/abhijit/pyproject_ws/install/ur_robot_driver/local/lib/python3.10/dist-packages:/home/abhijit/pyproject_ws/install/ur_dashboard_msgs/local/lib/python3.10/dist-packages:${PYTHONPATH} /usr/bin/cmake --install /home/abhijit/pyproject_ws/build/ur_calibration
[10.402s] -- Install configuration: "RelWithDebInfo"
[10.402s] -- Installing: /home/abhijit/pyproject_ws/install/ur_calibration/lib/ur_calibration/calibration_correction
[10.404s] -- Set runtime path of "/home/abhijit/pyproject_ws/install/ur_calibration/lib/ur_calibration/calibration_correction" to ""
[10.405s] -- Installing: /home/abhijit/pyproject_ws/install/ur_calibration/include
[10.405s] -- Installing: /home/abhijit/pyproject_ws/install/ur_calibration/include/ur_calibration
[10.405s] -- Installing: /home/abhijit/pyproject_ws/install/ur_calibration/include/ur_calibration/calibration_consumer.hpp
[10.405s] -- Installing: /home/abhijit/pyproject_ws/install/ur_calibration/include/ur_calibration/calibration.hpp
[10.405s] -- Installing: /home/abhijit/pyproject_ws/install/ur_calibration/share/ur_calibration/launch
[10.405s] -- Installing: /home/abhijit/pyproject_ws/install/ur_calibration/share/ur_calibration/launch/calibration_correction.launch.py
[10.405s] -- Installing: /home/abhijit/pyproject_ws/install/ur_calibration/share/ament_index/resource_index/package_run_dependencies/ur_calibration
[10.405s] -- Installing: /home/abhijit/pyproject_ws/install/ur_calibration/share/ament_index/resource_index/parent_prefix_path/ur_calibration
[10.405s] -- Installing: /home/abhijit/pyproject_ws/install/ur_calibration/share/ur_calibration/environment/ament_prefix_path.sh
[10.405s] -- Installing: /home/abhijit/pyproject_ws/install/ur_calibration/share/ur_calibration/environment/ament_prefix_path.dsv
[10.405s] -- Installing: /home/abhijit/pyproject_ws/install/ur_calibration/share/ur_calibration/environment/path.sh
[10.405s] -- Installing: /home/abhijit/pyproject_ws/install/ur_calibration/share/ur_calibration/environment/path.dsv
[10.405s] -- Installing: /home/abhijit/pyproject_ws/install/ur_calibration/share/ur_calibration/local_setup.bash
[10.405s] -- Installing: /home/abhijit/pyproject_ws/install/ur_calibration/share/ur_calibration/local_setup.sh
[10.405s] -- Installing: /home/abhijit/pyproject_ws/install/ur_calibration/share/ur_calibration/local_setup.zsh
[10.405s] -- Installing: /home/abhijit/pyproject_ws/install/ur_calibration/share/ur_calibration/local_setup.dsv
[10.405s] -- Installing: /home/abhijit/pyproject_ws/install/ur_calibration/share/ur_calibration/package.dsv
[10.405s] -- Installing: /home/abhijit/pyproject_ws/install/ur_calibration/share/ament_index/resource_index/packages/ur_calibration
[10.405s] -- Installing: /home/abhijit/pyproject_ws/install/ur_calibration/share/ur_calibration/cmake/ament_cmake_export_include_directories-extras.cmake
[10.405s] -- Installing: /home/abhijit/pyproject_ws/install/ur_calibration/share/ur_calibration/cmake/ament_cmake_export_dependencies-extras.cmake
[10.405s] -- Installing: /home/abhijit/pyproject_ws/install/ur_calibration/share/ur_calibration/cmake/ur_calibrationConfig.cmake
[10.405s] -- Installing: /home/abhijit/pyproject_ws/install/ur_calibration/share/ur_calibration/cmake/ur_calibrationConfig-version.cmake
[10.405s] -- Installing: /home/abhijit/pyproject_ws/install/ur_calibration/share/ur_calibration/package.xml
[10.406s] Invoked command in '/home/abhijit/pyproject_ws/build/ur_calibration' returned '0': AMENT_PREFIX_PATH=/home/abhijit/pyproject_ws/install/ur_robot_driver:/home/abhijit/pyproject_ws/install/ur_controllers:/home/abhijit/pyproject_ws/install/ur_dashboard_msgs:${AMENT_PREFIX_PATH} CMAKE_PREFIX_PATH=/home/abhijit/pyproject_ws/install/ur_robot_driver:/home/abhijit/pyproject_ws/install/ur_controllers:/home/abhijit/pyproject_ws/install/ur_description:/home/abhijit/pyproject_ws/install/ur_dashboard_msgs:/home/abhijit/pyproject_ws/install/ur_simulation_gazebo:/opt/ros/humble LD_LIBRARY_PATH=/home/abhijit/pyproject_ws/install/ur_robot_driver/lib:/home/abhijit/pyproject_ws/install/ur_controllers/lib:/home/abhijit/pyproject_ws/install/ur_dashboard_msgs/lib:${LD_LIBRARY_PATH} PATH=/home/abhijit/pyproject_ws/install/ur_robot_driver/bin:${PATH} PYTHONPATH=/home/abhijit/pyproject_ws/install/ur_robot_driver/local/lib/python3.10/dist-packages:/home/abhijit/pyproject_ws/install/ur_dashboard_msgs/local/lib/python3.10/dist-packages:${PYTHONPATH} /usr/bin/cmake --install /home/abhijit/pyproject_ws/build/ur_calibration
