[0.005s] Invoking command in '/home/abhijit/pyproject_ws/build/ur_moveit_config': CMAKE_PREFIX_PATH=/home/abhijit/pyproject_ws/install/ur_description:/home/abhijit/pyproject_ws/install/ur_simulation_gazebo:/home/abhijit/pyproject_ws/install/ur:/home/abhijit/pyproject_ws/install/ur_calibration:/home/abhijit/pyproject_ws/install/ur_robot_driver:/home/abhijit/pyproject_ws/install/ur_moveit_config:/home/abhijit/pyproject_ws/install/ur_bringup:/home/abhijit/pyproject_ws/install/ur_controllers:/home/abhijit/pyproject_ws/install/ur_dashboard_msgs:/home/abhijit/pyproject_ws/install/ur5_python_control:/opt/ros/humble /usr/bin/cmake --build /home/abhijit/pyproject_ws/build/ur_moveit_config -- -j32 -l32
[0.051s] Built target ament_cmake_python_copy_ur_moveit_config
[0.165s] running egg_info
[0.166s] writing ur_moveit_config.egg-info/PKG-INFO
[0.166s] writing dependency_links to ur_moveit_config.egg-info/dependency_links.txt
[0.166s] writing top-level names to ur_moveit_config.egg-info/top_level.txt
[0.167s] reading manifest file 'ur_moveit_config.egg-info/SOURCES.txt'
[0.167s] writing manifest file 'ur_moveit_config.egg-info/SOURCES.txt'
[0.182s] Built target ament_cmake_python_build_ur_moveit_config_egg
[0.192s] Invoked command in '/home/abhijit/pyproject_ws/build/ur_moveit_config' returned '0': CMAKE_PREFIX_PATH=/home/abhijit/pyproject_ws/install/ur_description:/home/abhijit/pyproject_ws/install/ur_simulation_gazebo:/home/abhijit/pyproject_ws/install/ur:/home/abhijit/pyproject_ws/install/ur_calibration:/home/abhijit/pyproject_ws/install/ur_robot_driver:/home/abhijit/pyproject_ws/install/ur_moveit_config:/home/abhijit/pyproject_ws/install/ur_bringup:/home/abhijit/pyproject_ws/install/ur_controllers:/home/abhijit/pyproject_ws/install/ur_dashboard_msgs:/home/abhijit/pyproject_ws/install/ur5_python_control:/opt/ros/humble /usr/bin/cmake --build /home/abhijit/pyproject_ws/build/ur_moveit_config -- -j32 -l32
[0.192s] Invoking command in '/home/abhijit/pyproject_ws/build/ur_moveit_config': CMAKE_PREFIX_PATH=/home/abhijit/pyproject_ws/install/ur_description:/home/abhijit/pyproject_ws/install/ur_simulation_gazebo:/home/abhijit/pyproject_ws/install/ur:/home/abhijit/pyproject_ws/install/ur_calibration:/home/abhijit/pyproject_ws/install/ur_robot_driver:/home/abhijit/pyproject_ws/install/ur_moveit_config:/home/abhijit/pyproject_ws/install/ur_bringup:/home/abhijit/pyproject_ws/install/ur_controllers:/home/abhijit/pyproject_ws/install/ur_dashboard_msgs:/home/abhijit/pyproject_ws/install/ur5_python_control:/opt/ros/humble /usr/bin/cmake --install /home/abhijit/pyproject_ws/build/ur_moveit_config
[0.197s] -- Install configuration: ""
[0.197s] -- Up-to-date: /home/abhijit/pyproject_ws/install/ur_moveit_config/share/ur_moveit_config/config
[0.197s] -- Up-to-date: /home/abhijit/pyproject_ws/install/ur_moveit_config/share/ur_moveit_config/config/ompl_planning.yaml
[0.197s] -- Up-to-date: /home/abhijit/pyproject_ws/install/ur_moveit_config/share/ur_moveit_config/config/kinematics.yaml
[0.197s] -- Up-to-date: /home/abhijit/pyproject_ws/install/ur_moveit_config/share/ur_moveit_config/config/controllers.yaml
[0.197s] -- Up-to-date: /home/abhijit/pyproject_ws/install/ur_moveit_config/share/ur_moveit_config/config/joint_limits.yaml
[0.197s] -- Up-to-date: /home/abhijit/pyproject_ws/install/ur_moveit_config/share/ur_moveit_config/config/ur_servo.yaml
[0.197s] -- Up-to-date: /home/abhijit/pyproject_ws/install/ur_moveit_config/share/ur_moveit_config/launch
[0.197s] -- Up-to-date: /home/abhijit/pyproject_ws/install/ur_moveit_config/share/ur_moveit_config/launch/ur_moveit.launch.py
[0.197s] -- Up-to-date: /home/abhijit/pyproject_ws/install/ur_moveit_config/share/ur_moveit_config/rviz
[0.197s] -- Up-to-date: /home/abhijit/pyproject_ws/install/ur_moveit_config/share/ur_moveit_config/rviz/view_robot.rviz
[0.197s] -- Up-to-date: /home/abhijit/pyproject_ws/install/ur_moveit_config/share/ur_moveit_config/srdf
[0.197s] -- Up-to-date: /home/abhijit/pyproject_ws/install/ur_moveit_config/share/ur_moveit_config/srdf/ur_macro.srdf.xacro
[0.197s] -- Up-to-date: /home/abhijit/pyproject_ws/install/ur_moveit_config/share/ur_moveit_config/srdf/ur.srdf.xacro
[0.197s] -- Up-to-date: /home/abhijit/pyproject_ws/install/ur_moveit_config/share/ur_moveit_config/environment/pythonpath.sh
[0.197s] -- Up-to-date: /home/abhijit/pyproject_ws/install/ur_moveit_config/share/ur_moveit_config/environment/pythonpath.dsv
[0.197s] -- Up-to-date: /home/abhijit/pyproject_ws/install/ur_moveit_config/local/lib/python3.10/dist-packages/ur_moveit_config-2.7.0-py3.10.egg-info
[0.197s] -- Installing: /home/abhijit/pyproject_ws/install/ur_moveit_config/local/lib/python3.10/dist-packages/ur_moveit_config-2.7.0-py3.10.egg-info/dependency_links.txt
[0.197s] -- Installing: /home/abhijit/pyproject_ws/install/ur_moveit_config/local/lib/python3.10/dist-packages/ur_moveit_config-2.7.0-py3.10.egg-info/PKG-INFO
[0.197s] -- Installing: /home/abhijit/pyproject_ws/install/ur_moveit_config/local/lib/python3.10/dist-packages/ur_moveit_config-2.7.0-py3.10.egg-info/top_level.txt
[0.197s] -- Installing: /home/abhijit/pyproject_ws/install/ur_moveit_config/local/lib/python3.10/dist-packages/ur_moveit_config-2.7.0-py3.10.egg-info/SOURCES.txt
[0.197s] -- Up-to-date: /home/abhijit/pyproject_ws/install/ur_moveit_config/local/lib/python3.10/dist-packages/ur_moveit_config
[0.197s] -- Up-to-date: /home/abhijit/pyproject_ws/install/ur_moveit_config/local/lib/python3.10/dist-packages/ur_moveit_config/__init__.py
[0.197s] -- Up-to-date: /home/abhijit/pyproject_ws/install/ur_moveit_config/local/lib/python3.10/dist-packages/ur_moveit_config/launch_common.py
[0.213s] Listing '/home/abhijit/pyproject_ws/install/ur_moveit_config/local/lib/python3.10/dist-packages/ur_moveit_config'...
[0.216s] -- Up-to-date: /home/abhijit/pyproject_ws/install/ur_moveit_config/local/lib/python3.10/dist-packages/launch_common.py
[0.235s] -- Up-to-date: /home/abhijit/pyproject_ws/install/ur_moveit_config/share/ament_index/resource_index/package_run_dependencies/ur_moveit_config
[0.235s] -- Up-to-date: /home/abhijit/pyproject_ws/install/ur_moveit_config/share/ament_index/resource_index/parent_prefix_path/ur_moveit_config
[0.235s] -- Up-to-date: /home/abhijit/pyproject_ws/install/ur_moveit_config/share/ur_moveit_config/environment/ament_prefix_path.sh
[0.235s] -- Up-to-date: /home/abhijit/pyproject_ws/install/ur_moveit_config/share/ur_moveit_config/environment/ament_prefix_path.dsv
[0.235s] -- Up-to-date: /home/abhijit/pyproject_ws/install/ur_moveit_config/share/ur_moveit_config/environment/path.sh
[0.235s] -- Up-to-date: /home/abhijit/pyproject_ws/install/ur_moveit_config/share/ur_moveit_config/environment/path.dsv
[0.235s] -- Up-to-date: /home/abhijit/pyproject_ws/install/ur_moveit_config/share/ur_moveit_config/local_setup.bash
[0.236s] -- Up-to-date: /home/abhijit/pyproject_ws/install/ur_moveit_config/share/ur_moveit_config/local_setup.sh
[0.236s] -- Up-to-date: /home/abhijit/pyproject_ws/install/ur_moveit_config/share/ur_moveit_config/local_setup.zsh
[0.236s] -- Up-to-date: /home/abhijit/pyproject_ws/install/ur_moveit_config/share/ur_moveit_config/local_setup.dsv
[0.236s] -- Installing: /home/abhijit/pyproject_ws/install/ur_moveit_config/share/ur_moveit_config/package.dsv
[0.236s] -- Up-to-date: /home/abhijit/pyproject_ws/install/ur_moveit_config/share/ament_index/resource_index/packages/ur_moveit_config
[0.236s] -- Up-to-date: /home/abhijit/pyproject_ws/install/ur_moveit_config/share/ur_moveit_config/cmake/ur_moveit_configConfig.cmake
[0.236s] -- Up-to-date: /home/abhijit/pyproject_ws/install/ur_moveit_config/share/ur_moveit_config/cmake/ur_moveit_configConfig-version.cmake
[0.236s] -- Up-to-date: /home/abhijit/pyproject_ws/install/ur_moveit_config/share/ur_moveit_config/package.xml
[0.236s] Invoked command in '/home/abhijit/pyproject_ws/build/ur_moveit_config' returned '0': CMAKE_PREFIX_PATH=/home/abhijit/pyproject_ws/install/ur_description:/home/abhijit/pyproject_ws/install/ur_simulation_gazebo:/home/abhijit/pyproject_ws/install/ur:/home/abhijit/pyproject_ws/install/ur_calibration:/home/abhijit/pyproject_ws/install/ur_robot_driver:/home/abhijit/pyproject_ws/install/ur_moveit_config:/home/abhijit/pyproject_ws/install/ur_bringup:/home/abhijit/pyproject_ws/install/ur_controllers:/home/abhijit/pyproject_ws/install/ur_dashboard_msgs:/home/abhijit/pyproject_ws/install/ur5_python_control:/opt/ros/humble /usr/bin/cmake --install /home/abhijit/pyproject_ws/build/ur_moveit_config
