running egg_info
creating ../../build/ur5_python_control/ur5_python_control.egg-info
writing ../../build/ur5_python_control/ur5_python_control.egg-info/PKG-INFO
writing dependency_links to ../../build/ur5_python_control/ur5_python_control.egg-info/dependency_links.txt
writing entry points to ../../build/ur5_python_control/ur5_python_control.egg-info/entry_points.txt
writing requirements to ../../build/ur5_python_control/ur5_python_control.egg-info/requires.txt
writing top-level names to ../../build/ur5_python_control/ur5_python_control.egg-info/top_level.txt
writing manifest file '../../build/ur5_python_control/ur5_python_control.egg-info/SOURCES.txt'
reading manifest file '../../build/ur5_python_control/ur5_python_control.egg-info/SOURCES.txt'
writing manifest file '../../build/ur5_python_control/ur5_python_control.egg-info/SOURCES.txt'
running build
running build_py
creating /home/abhijit/pyproject_ws/build/ur5_python_control/build
creating /home/abhijit/pyproject_ws/build/ur5_python_control/build/lib
creating /home/abhijit/pyproject_ws/build/ur5_python_control/build/lib/ur5_python_control
copying ur5_python_control/__init__.py -> /home/abhijit/pyproject_ws/build/ur5_python_control/build/lib/ur5_python_control
running install
running install_lib
creating /home/abhijit/pyproject_ws/install/ur5_python_control/lib/python3.10/site-packages/ur5_python_control
copying /home/abhijit/pyproject_ws/build/ur5_python_control/build/lib/ur5_python_control/__init__.py -> /home/abhijit/pyproject_ws/install/ur5_python_control/lib/python3.10/site-packages/ur5_python_control
byte-compiling /home/abhijit/pyproject_ws/install/ur5_python_control/lib/python3.10/site-packages/ur5_python_control/__init__.py to __init__.cpython-310.pyc
running install_data
creating /home/abhijit/pyproject_ws/install/ur5_python_control/share/ament_index
creating /home/abhijit/pyproject_ws/install/ur5_python_control/share/ament_index/resource_index
creating /home/abhijit/pyproject_ws/install/ur5_python_control/share/ament_index/resource_index/packages
copying resource/ur5_python_control -> /home/abhijit/pyproject_ws/install/ur5_python_control/share/ament_index/resource_index/packages
copying package.xml -> /home/abhijit/pyproject_ws/install/ur5_python_control/share/ur5_python_control
running install_egg_info
Copying ../../build/ur5_python_control/ur5_python_control.egg-info to /home/abhijit/pyproject_ws/install/ur5_python_control/lib/python3.10/site-packages/ur5_python_control-0.0.0-py3.10.egg-info
running install_scripts
Installing ur5_moveit_control script to /home/abhijit/pyproject_ws/install/ur5_python_control/lib/ur5_python_control
writing list of installed files to '/home/abhijit/pyproject_ws/build/ur5_python_control/install.log'
