[0.304s] Invoking command in '/home/abhijit/pyproject_ws/src/ur5_python_control': PYTHONPATH=/home/abhijit/pyproject_ws/build/ur5_python_control/prefix_override:/usr/lib/python3/dist-packages/colcon_core/task/python/colcon_distutils_commands:/home/abhijit/pyproject_ws/install/ur5_python_control/lib/python3.10/site-packages:${PYTHONPATH} /usr/bin/python3 -W ignore:setup.py install is deprecated -W ignore:easy_install command is deprecated setup.py egg_info --egg-base ../../build/ur5_python_control build --build-base /home/abhijit/pyproject_ws/build/ur5_python_control/build install --record /home/abhijit/pyproject_ws/build/ur5_python_control/install.log --single-version-externally-managed install_data
[0.420s] running egg_info
[0.421s] creating ../../build/ur5_python_control/ur5_python_control.egg-info
[0.421s] writing ../../build/ur5_python_control/ur5_python_control.egg-info/PKG-INFO
[0.421s] writing dependency_links to ../../build/ur5_python_control/ur5_python_control.egg-info/dependency_links.txt
[0.421s] writing entry points to ../../build/ur5_python_control/ur5_python_control.egg-info/entry_points.txt
[0.421s] writing requirements to ../../build/ur5_python_control/ur5_python_control.egg-info/requires.txt
[0.421s] writing top-level names to ../../build/ur5_python_control/ur5_python_control.egg-info/top_level.txt
[0.421s] writing manifest file '../../build/ur5_python_control/ur5_python_control.egg-info/SOURCES.txt'
[0.422s] reading manifest file '../../build/ur5_python_control/ur5_python_control.egg-info/SOURCES.txt'
[0.423s] writing manifest file '../../build/ur5_python_control/ur5_python_control.egg-info/SOURCES.txt'
[0.423s] running build
[0.423s] running build_py
[0.423s] creating /home/abhijit/pyproject_ws/build/ur5_python_control/build
[0.423s] creating /home/abhijit/pyproject_ws/build/ur5_python_control/build/lib
[0.423s] creating /home/abhijit/pyproject_ws/build/ur5_python_control/build/lib/ur5_python_control
[0.423s] copying ur5_python_control/__init__.py -> /home/abhijit/pyproject_ws/build/ur5_python_control/build/lib/ur5_python_control
[0.423s] running install
[0.423s] running install_lib
[0.423s] creating /home/abhijit/pyproject_ws/install/ur5_python_control/lib/python3.10/site-packages/ur5_python_control
[0.423s] copying /home/abhijit/pyproject_ws/build/ur5_python_control/build/lib/ur5_python_control/__init__.py -> /home/abhijit/pyproject_ws/install/ur5_python_control/lib/python3.10/site-packages/ur5_python_control
[0.423s] byte-compiling /home/abhijit/pyproject_ws/install/ur5_python_control/lib/python3.10/site-packages/ur5_python_control/__init__.py to __init__.cpython-310.pyc
[0.424s] running install_data
[0.424s] creating /home/abhijit/pyproject_ws/install/ur5_python_control/share/ament_index
[0.424s] creating /home/abhijit/pyproject_ws/install/ur5_python_control/share/ament_index/resource_index
[0.424s] creating /home/abhijit/pyproject_ws/install/ur5_python_control/share/ament_index/resource_index/packages
[0.424s] copying resource/ur5_python_control -> /home/abhijit/pyproject_ws/install/ur5_python_control/share/ament_index/resource_index/packages
[0.424s] copying package.xml -> /home/abhijit/pyproject_ws/install/ur5_python_control/share/ur5_python_control
[0.424s] running install_egg_info
[0.425s] Copying ../../build/ur5_python_control/ur5_python_control.egg-info to /home/abhijit/pyproject_ws/install/ur5_python_control/lib/python3.10/site-packages/ur5_python_control-0.0.0-py3.10.egg-info
[0.426s] running install_scripts
[0.435s] Installing ur5_moveit_control script to /home/abhijit/pyproject_ws/install/ur5_python_control/lib/ur5_python_control
[0.436s] writing list of installed files to '/home/abhijit/pyproject_ws/build/ur5_python_control/install.log'
[0.447s] Invoked command in '/home/abhijit/pyproject_ws/src/ur5_python_control' returned '0': PYTHONPATH=/home/abhijit/pyproject_ws/build/ur5_python_control/prefix_override:/usr/lib/python3/dist-packages/colcon_core/task/python/colcon_distutils_commands:/home/abhijit/pyproject_ws/install/ur5_python_control/lib/python3.10/site-packages:${PYTHONPATH} /usr/bin/python3 -W ignore:setup.py install is deprecated -W ignore:easy_install command is deprecated setup.py egg_info --egg-base ../../build/ur5_python_control build --build-base /home/abhijit/pyproject_ws/build/ur5_python_control/build install --record /home/abhijit/pyproject_ws/build/ur5_python_control/install.log --single-version-externally-managed install_data
