[0.015s] Invoking command in '/home/abhijit/pyproject_ws/build/ur_calibration': CMAKE_PREFIX_PATH=/home/abhijit/pyproject_ws/install/ur_robot_driver:/home/abhijit/pyproject_ws/install/ur_controllers:/home/abhijit/pyproject_ws/install/ur_description:/home/abhijit/pyproject_ws/install/ur_dashboard_msgs:/home/abhijit/pyproject_ws/install/ur_simulation_gazebo:/home/abhijit/pyproject_ws/install/ur:/home/abhijit/pyproject_ws/install/ur_calibration:/home/abhijit/pyproject_ws/install/ur_moveit_config:/home/abhijit/pyproject_ws/install/ur_bringup:/home/abhijit/pyproject_ws/install/ur5_python_control:/opt/ros/humble /usr/bin/cmake --build /home/abhijit/pyproject_ws/build/ur_calibration -- -j32 -l32
[0.062s] [ 16%] Built target gmock_main
[0.063s] [ 41%] Built target gmock
[0.066s] [ 66%] Built target calibration
[0.095s] [ 83%] Built target calibration_correction
[0.095s] [100%] Built target calibration_test
[0.102s] Invoked command in '/home/abhijit/pyproject_ws/build/ur_calibration' returned '0': CMAKE_PREFIX_PATH=/home/abhijit/pyproject_ws/install/ur_robot_driver:/home/abhijit/pyproject_ws/install/ur_controllers:/home/abhijit/pyproject_ws/install/ur_description:/home/abhijit/pyproject_ws/install/ur_dashboard_msgs:/home/abhijit/pyproject_ws/install/ur_simulation_gazebo:/home/abhijit/pyproject_ws/install/ur:/home/abhijit/pyproject_ws/install/ur_calibration:/home/abhijit/pyproject_ws/install/ur_moveit_config:/home/abhijit/pyproject_ws/install/ur_bringup:/home/abhijit/pyproject_ws/install/ur5_python_control:/opt/ros/humble /usr/bin/cmake --build /home/abhijit/pyproject_ws/build/ur_calibration -- -j32 -l32
[0.103s] Invoking command in '/home/abhijit/pyproject_ws/build/ur_calibration': CMAKE_PREFIX_PATH=/home/abhijit/pyproject_ws/install/ur_robot_driver:/home/abhijit/pyproject_ws/install/ur_controllers:/home/abhijit/pyproject_ws/install/ur_description:/home/abhijit/pyproject_ws/install/ur_dashboard_msgs:/home/abhijit/pyproject_ws/install/ur_simulation_gazebo:/home/abhijit/pyproject_ws/install/ur:/home/abhijit/pyproject_ws/install/ur_calibration:/home/abhijit/pyproject_ws/install/ur_moveit_config:/home/abhijit/pyproject_ws/install/ur_bringup:/home/abhijit/pyproject_ws/install/ur5_python_control:/opt/ros/humble /usr/bin/cmake --install /home/abhijit/pyproject_ws/build/ur_calibration
[0.109s] -- Install configuration: "RelWithDebInfo"
[0.109s] -- Up-to-date: /home/abhijit/pyproject_ws/install/ur_calibration/lib/ur_calibration/calibration_correction
[0.109s] -- Up-to-date: /home/abhijit/pyproject_ws/install/ur_calibration/include
[0.110s] -- Up-to-date: /home/abhijit/pyproject_ws/install/ur_calibration/include/ur_calibration
[0.110s] -- Up-to-date: /home/abhijit/pyproject_ws/install/ur_calibration/include/ur_calibration/calibration_consumer.hpp
[0.110s] -- Up-to-date: /home/abhijit/pyproject_ws/install/ur_calibration/include/ur_calibration/calibration.hpp
[0.110s] -- Up-to-date: /home/abhijit/pyproject_ws/install/ur_calibration/share/ur_calibration/launch
[0.110s] -- Up-to-date: /home/abhijit/pyproject_ws/install/ur_calibration/share/ur_calibration/launch/calibration_correction.launch.py
[0.110s] -- Up-to-date: /home/abhijit/pyproject_ws/install/ur_calibration/share/ament_index/resource_index/package_run_dependencies/ur_calibration
[0.110s] -- Up-to-date: /home/abhijit/pyproject_ws/install/ur_calibration/share/ament_index/resource_index/parent_prefix_path/ur_calibration
[0.110s] -- Up-to-date: /home/abhijit/pyproject_ws/install/ur_calibration/share/ur_calibration/environment/ament_prefix_path.sh
[0.110s] -- Up-to-date: /home/abhijit/pyproject_ws/install/ur_calibration/share/ur_calibration/environment/ament_prefix_path.dsv
[0.110s] -- Up-to-date: /home/abhijit/pyproject_ws/install/ur_calibration/share/ur_calibration/environment/path.sh
[0.110s] -- Up-to-date: /home/abhijit/pyproject_ws/install/ur_calibration/share/ur_calibration/environment/path.dsv
[0.110s] -- Up-to-date: /home/abhijit/pyproject_ws/install/ur_calibration/share/ur_calibration/local_setup.bash
[0.110s] -- Up-to-date: /home/abhijit/pyproject_ws/install/ur_calibration/share/ur_calibration/local_setup.sh
[0.110s] -- Up-to-date: /home/abhijit/pyproject_ws/install/ur_calibration/share/ur_calibration/local_setup.zsh
[0.110s] -- Up-to-date: /home/abhijit/pyproject_ws/install/ur_calibration/share/ur_calibration/local_setup.dsv
[0.110s] -- Installing: /home/abhijit/pyproject_ws/install/ur_calibration/share/ur_calibration/package.dsv
[0.110s] -- Up-to-date: /home/abhijit/pyproject_ws/install/ur_calibration/share/ament_index/resource_index/packages/ur_calibration
[0.110s] -- Up-to-date: /home/abhijit/pyproject_ws/install/ur_calibration/share/ur_calibration/cmake/ament_cmake_export_include_directories-extras.cmake
[0.110s] -- Up-to-date: /home/abhijit/pyproject_ws/install/ur_calibration/share/ur_calibration/cmake/ament_cmake_export_dependencies-extras.cmake
[0.110s] -- Up-to-date: /home/abhijit/pyproject_ws/install/ur_calibration/share/ur_calibration/cmake/ur_calibrationConfig.cmake
[0.110s] -- Up-to-date: /home/abhijit/pyproject_ws/install/ur_calibration/share/ur_calibration/cmake/ur_calibrationConfig-version.cmake
[0.110s] -- Up-to-date: /home/abhijit/pyproject_ws/install/ur_calibration/share/ur_calibration/package.xml
[0.112s] Invoked command in '/home/abhijit/pyproject_ws/build/ur_calibration' returned '0': CMAKE_PREFIX_PATH=/home/abhijit/pyproject_ws/install/ur_robot_driver:/home/abhijit/pyproject_ws/install/ur_controllers:/home/abhijit/pyproject_ws/install/ur_description:/home/abhijit/pyproject_ws/install/ur_dashboard_msgs:/home/abhijit/pyproject_ws/install/ur_simulation_gazebo:/home/abhijit/pyproject_ws/install/ur:/home/abhijit/pyproject_ws/install/ur_calibration:/home/abhijit/pyproject_ws/install/ur_moveit_config:/home/abhijit/pyproject_ws/install/ur_bringup:/home/abhijit/pyproject_ws/install/ur5_python_control:/opt/ros/humble /usr/bin/cmake --install /home/abhijit/pyproject_ws/build/ur_calibration
